  * using 24 threads per process

  ===============================================================
    BAGEL - Freshly leavened quantum chemistry                   
  ===============================================================

  *** Geometry ***

  { "atom" : "O", "xyz" : [      0.184334,      0.000000,      0.119452 ] },
  { "atom" : "C", "xyz" : [      0.335677,      0.000000,      2.649904 ] },
  { "atom" : "C", "xyz" : [      2.748361,      0.000000,      3.408530 ] },
  { "atom" : "C", "xyz" : [      4.232171,      0.000000,      1.123089 ] },
  { "atom" : "C", "xyz" : [      2.557369,      0.000000,     -0.772062 ] },
  { "atom" : "H", "xyz" : [      2.751427,      0.000000,     -2.781172 ] },
  { "atom" : "H", "xyz" : [      6.247256,      0.000000,      0.956235 ] },
  { "atom" : "H", "xyz" : [      3.415980,      0.000000,      5.317114 ] },
  { "atom" : "H", "xyz" : [     -1.420577,      0.000000,      3.644767 ] },

  Number of auxiliary basis functions:      449

  Since a DF basis is specified, we compute 2- and 3-index integrals:
    o Being stored without compression. Storage requirement is 0.029 GB
       - 3-index ints prep                         0.00
       - 3-index ints                              0.05
       - 2-index ints                              0.00
       - computing inverse                         0.09
        elapsed time:        0.14 sec.


  Number of basis functions:       90
  Number of electrons      :       36


    * METHOD: MOLECULE                             0.16

       - Overlap matrix                            0.00
       - Hcore matrix                              0.00
       - Overlap orthog                            0.00

  *** RHF ***

  === Nuclear Repulsion ===
  
   162.7184827851

      * DIIS with orbital gradients will be used.

       - SCF startup                               0.15

  === RHF iteration (svp) ===
  
      0       -228.32139687          0.01367212           0.04
      1       -228.43523861          0.00640981           0.04
      2       -228.45308619          0.00151744           0.03
      3       -228.45465025          0.00038683           0.03
      4       -228.45472957          0.00011740           0.02
      5       -228.45473820          0.00002995           0.02
      6       -228.45473922          0.00001808           0.02
      7       -228.45473959          0.00000444           0.02
      8       -228.45473963          0.00000115           0.02
      9       -228.45473963          0.00000038           0.02
     10       -228.45473963          0.00000018           0.02
     11       -228.45473963          0.00000006           0.02
     12       -228.45473963          0.00000002           0.02
     13       -228.45473963          0.00000001           0.02
  
    * SCF iteration converged.

    * Permanent dipole moment:
           (   -0.239231,    -0.000000,    -0.155319) a.u.

  ---------------------------
      CASSCF calculation     
  ---------------------------

    * nstate   :      3
    * nclosed  :     15
    * nact     :      6
    * nvirt    :     69
  === CASSCF iteration (svp) ===

    * Using the second-order algorithm

      0  0      -228.46673170     3.84e-03      0.02
      0  1      -228.15339011     0.00e+00      0.02
      0  2      -228.09812530     0.00e+00      0.02

         res : 7.55e-02   lamb: 1.00e+00   eps : -7.68e-03   step: 7.90e-01    0.02
         res : 2.87e-02   lamb: 1.00e+00   eps : -1.26e-02   step: 3.58e-01    0.02
         res : 1.11e-02   lamb: 1.00e+00   eps : -1.31e-02   step: 3.15e-01    0.02
         res : 2.46e-03   lamb: 1.00e+00   eps : -1.31e-02   step: 3.08e-01    0.02
         res : 6.70e-04   lamb: 1.00e+00   eps : -1.31e-02   step: 3.09e-01    0.02
         res : 2.15e-04   lamb: 1.00e+00   eps : -1.31e-02   step: 3.09e-01    0.02
         res : 4.97e-05   lamb: 1.00e+00   eps : -1.31e-02   step: 3.09e-01    0.02
         res : 2.21e-05   lamb: 1.00e+00   eps : -1.31e-02   step: 3.09e-01    0.02

      1  0      -228.46436756     7.18e-04      0.22
      1  1      -228.16193099     0.00e+00      0.22
      1  2      -228.11772619     0.00e+00      0.22

         res : 1.93e-02   lamb: 1.00e+00   eps : -4.13e-03   step: 7.95e-01    0.03
         res : 9.35e-03   lamb: 1.00e+00   eps : -4.80e-03   step: 8.20e-01    0.02
         res : 3.61e-03   lamb: 1.00e+00   eps : -4.89e-03   step: 8.16e-01    0.02
         res : 2.39e-03   lamb: 1.00e+00   eps : -4.90e-03   step: 8.25e-01    0.02
         res : 1.16e-03   lamb: 1.00e+00   eps : -4.90e-03   step: 8.34e-01    0.02
         res : 5.89e-04   lamb: 1.00e+00   eps : -4.91e-03   step: 8.36e-01    0.02
         res : 2.40e-04   lamb: 1.00e+00   eps : -4.91e-03   step: 8.36e-01    0.02
         res : 7.61e-05   lamb: 1.00e+00   eps : -4.91e-03   step: 8.36e-01    0.02

      2  0      -228.46815036     3.86e-04      0.23
      2  1      -228.16828262     0.00e+00      0.23
      2  2      -228.12248819     0.00e+00      0.23

         res : 1.07e-02   lamb: 1.00e+00   eps : -3.34e-03   step: 8.04e-01    0.02
         res : 5.55e-03   lamb: 1.00e+00   eps : -3.60e-03   step: 8.37e-01    0.02
         res : 1.32e-02   lamb: 1.00e+00   eps : -3.87e-03   step: 9.59e-01    0.02
         res : 5.41e-03   lamb: 1.09e+00   eps : -4.00e-03   step: 9.92e-01    0.02
         res : 6.50e-03   lamb: 1.09e+00   eps : -4.03e-03   step: 1.00e+00    0.02
         res : 3.83e-03   lamb: 1.10e+00   eps : -4.04e-03   step: 1.00e+00    0.02
         res : 1.33e-03   lamb: 1.10e+00   eps : -4.04e-03   step: 1.00e+00    0.02
         res : 5.14e-04   lamb: 1.10e+00   eps : -4.04e-03   step: 1.00e+00    0.02
         res : 1.99e-04   lamb: 1.10e+00   eps : -4.04e-03   step: 1.00e+00    0.02
         res : 5.23e-05   lamb: 1.10e+00   eps : -4.04e-03   step: 1.00e+00    0.02

      3  0      -228.47226266     3.01e-04      0.27
      3  1      -228.17259479     0.00e+00      0.27
      3  2      -228.12847201     0.00e+00      0.27

         res : 1.16e-02   lamb: 1.00e+00   eps : -2.27e-03   step: 4.89e-01    0.02
         res : 1.01e-02   lamb: 1.00e+00   eps : -2.96e-03   step: 6.43e-01    0.02
         res : 7.53e-03   lamb: 1.00e+00   eps : -3.16e-03   step: 6.99e-01    0.02
         res : 4.42e-03   lamb: 1.00e+00   eps : -3.19e-03   step: 7.15e-01    0.02
         res : 1.47e-03   lamb: 1.00e+00   eps : -3.19e-03   step: 7.16e-01    0.02
         res : 7.46e-04   lamb: 1.00e+00   eps : -3.19e-03   step: 7.17e-01    0.02
         res : 1.07e-03   lamb: 1.00e+00   eps : -3.19e-03   step: 7.18e-01    0.02
         res : 1.66e-03   lamb: 1.00e+00   eps : -3.20e-03   step: 7.20e-01    0.02
         res : 8.87e-03   lamb: 1.00e+00   eps : -3.21e-03   step: 8.10e-01    0.01
         res : 1.75e-03   lamb: 1.00e+00   eps : -3.19e-03   step: 7.18e-01    0.01
         res : 7.17e-04   lamb: 1.00e+00   eps : -3.20e-03   step: 7.19e-01    0.01
         res : 3.84e-04   lamb: 1.00e+00   eps : -3.20e-03   step: 7.20e-01    0.01
         res : 1.16e-04   lamb: 1.00e+00   eps : -3.20e-03   step: 7.20e-01    0.01
         res : 3.81e-05   lamb: 1.00e+00   eps : -3.20e-03   step: 7.20e-01    0.01

      4  0      -228.47482220     1.70e-04      0.29
      4  1      -228.17386354     0.00e+00      0.29
      4  2      -228.13149621     0.00e+00      0.29

         res : 7.87e-03   lamb: 1.00e+00   eps : -3.76e-04   step: 1.88e-01    0.01
         res : 1.82e-02   lamb: 1.00e+00   eps : -1.01e-03   step: 5.56e-01    0.01
         res : 2.31e-02   lamb: 1.11e+00   eps : -1.75e-03   step: 9.97e-01    0.01
         res : 1.23e-02   lamb: 1.32e+00   eps : -1.97e-03   step: 1.01e+00    0.01
         res : 4.11e-03   lamb: 1.38e+00   eps : -2.00e-03   step: 1.00e+00    0.01
         res : 1.20e-03   lamb: 1.39e+00   eps : -2.00e-03   step: 1.00e+00    0.02
         res : 4.27e-04   lamb: 1.39e+00   eps : -2.00e-03   step: 1.00e+00    0.02
         res : 5.18e-04   lamb: 1.39e+00   eps : -2.00e-03   step: 1.00e+00    0.01
         res : 2.04e-03   lamb: 1.39e+00   eps : -2.00e-03   step: 1.00e+00    0.02
         res : 2.67e-04   lamb: 1.39e+00   eps : -2.00e-03   step: 1.00e+00    0.02
         res : 1.12e-04   lamb: 1.39e+00   eps : -2.00e-03   step: 1.00e+00    0.01
         res : 4.55e-05   lamb: 1.39e+00   eps : -2.00e-03   step: 1.00e+00    0.01

      5  0      -228.47574299     4.06e-04      0.25
      5  1      -228.17296210     0.00e+00      0.25
      5  2      -228.13267563     0.00e+00      0.25

         res : 1.13e-02   lamb: 1.00e+00   eps : -1.54e-03   step: 2.42e-01    0.01
         res : 7.02e-03   lamb: 1.00e+00   eps : -1.65e-03   step: 2.59e-01    0.01
         res : 4.63e-03   lamb: 1.00e+00   eps : -1.67e-03   step: 2.69e-01    0.01
         res : 1.51e-03   lamb: 1.00e+00   eps : -1.68e-03   step: 2.77e-01    0.01
         res : 5.27e-04   lamb: 1.00e+00   eps : -1.68e-03   step: 2.79e-01    0.01
         res : 3.58e-04   lamb: 1.00e+00   eps : -1.68e-03   step: 2.80e-01    0.02
         res : 1.82e-04   lamb: 1.00e+00   eps : -1.68e-03   step: 2.81e-01    0.01
         res : 2.06e-04   lamb: 1.00e+00   eps : -1.68e-03   step: 2.81e-01    0.01
         res : 6.71e-04   lamb: 1.00e+00   eps : -1.68e-03   step: 2.81e-01    0.01
         res : 4.05e-04   lamb: 1.00e+00   eps : -1.68e-03   step: 2.81e-01    0.01
         res : 1.37e-04   lamb: 1.00e+00   eps : -1.68e-03   step: 2.81e-01    0.02
         res : 4.94e-05   lamb: 1.00e+00   eps : -1.68e-03   step: 2.80e-01    0.02
         res : 1.90e-05   lamb: 1.00e+00   eps : -1.68e-03   step: 2.80e-01    0.02

      6  0      -228.47658052     4.83e-05      0.27
      6  1      -228.17396489     0.00e+00      0.27
      6  2      -228.13363691     0.00e+00      0.27

         res : 2.56e-03   lamb: 1.00e+00   eps : -3.54e-05   step: 4.72e-02    0.02
         res : 2.35e-03   lamb: 1.00e+00   eps : -4.40e-05   step: 6.40e-02    0.02
         res : 2.11e-03   lamb: 1.00e+00   eps : -4.92e-05   step: 7.96e-02    0.02
         res : 1.33e-03   lamb: 1.00e+00   eps : -5.16e-05   step: 8.89e-02    0.01
         res : 5.76e-03   lamb: 1.00e+00   eps : -6.12e-05   step: 1.40e-01    0.02
         res : 2.92e-03   lamb: 1.00e+00   eps : -4.01e-05   step: 1.05e-01    0.02
         res : 8.51e-04   lamb: 1.00e+00   eps : -4.24e-05   step: 9.40e-02    0.01
         res : 4.29e-04   lamb: 1.00e+00   eps : -4.29e-05   step: 9.17e-02    0.01
         res : 2.23e-04   lamb: 1.00e+00   eps : -4.30e-05   step: 9.08e-02    0.01
         res : 7.77e-05   lamb: 1.00e+00   eps : -4.30e-05   step: 9.06e-02    0.02
         res : 3.04e-05   lamb: 1.00e+00   eps : -4.30e-05   step: 9.06e-02    0.02
         res : 1.03e-05   lamb: 1.00e+00   eps : -4.30e-05   step: 9.06e-02    0.01
         res : 3.60e-06   lamb: 1.00e+00   eps : -4.30e-05   step: 9.06e-02    0.01

      7  0      -228.47669520     4.34e-05      0.28
      7  1      -228.17393667     0.00e+00      0.28
      7  2      -228.13369270     0.00e+00      0.28

         res : 3.25e-03   lamb: 1.00e+00   eps : -6.94e-05   step: 6.39e-02    0.01
         res : 1.11e-02   lamb: 1.00e+00   eps : -3.79e-04   step: 4.54e-01    0.01
         res : 1.22e-02   lamb: 1.28e+00   eps : -1.01e-03   step: 1.00e+00    0.01
         res : 6.00e-03   lamb: 1.45e+00   eps : -1.12e-03   step: 1.00e+00    0.02
         res : 3.95e-03   lamb: 1.48e+00   eps : -1.14e-03   step: 9.99e-01    0.02
         res : 1.54e-03   lamb: 1.49e+00   eps : -1.15e-03   step: 9.99e-01    0.02
         res : 6.97e-04   lamb: 1.49e+00   eps : -1.15e-03   step: 9.99e-01    0.02
         res : 3.07e-04   lamb: 1.49e+00   eps : -1.15e-03   step: 9.99e-01    0.02
         res : 1.43e-04   lamb: 1.49e+00   eps : -1.15e-03   step: 9.99e-01    0.02
         res : 7.19e-05   lamb: 1.49e+00   eps : -1.15e-03   step: 9.99e-01    0.02

      8  0      -228.48046474     7.29e-04      0.28
      8  1      -228.17865080     0.00e+00      0.28
      8  2      -228.13723823     0.00e+00      0.28

         res : 2.52e-02   lamb: 1.00e+00   eps : -4.33e-03   step: 5.56e-01    0.02
         res : 1.79e-02   lamb: 1.00e+00   eps : -4.98e-03   step: 5.58e-01    0.02
         res : 9.98e-03   lamb: 1.00e+00   eps : -5.15e-03   step: 5.39e-01    0.02
         res : 3.12e-03   lamb: 1.00e+00   eps : -5.19e-03   step: 5.38e-01    0.02
         res : 1.22e-03   lamb: 1.00e+00   eps : -5.20e-03   step: 5.38e-01    0.02
         res : 5.19e-04   lamb: 1.00e+00   eps : -5.20e-03   step: 5.38e-01    0.02
         res : 1.82e-04   lamb: 1.00e+00   eps : -5.20e-03   step: 5.38e-01    0.02
         res : 8.34e-05   lamb: 1.00e+00   eps : -5.20e-03   step: 5.38e-01    0.02
         res : 2.71e-05   lamb: 1.00e+00   eps : -5.20e-03   step: 5.38e-01    0.02

      9  0      -228.48454007     3.14e-04      0.25
      9  1      -228.18347265     0.00e+00      0.25
      9  2      -228.13916881     0.00e+00      0.25

         res : 2.19e-02   lamb: 1.00e+00   eps : -2.54e-03   step: 6.15e-01    0.01
         res : 1.23e-02   lamb: 1.00e+00   eps : -2.79e-03   step: 6.81e-01    0.02
         res : 3.52e-03   lamb: 1.00e+00   eps : -2.83e-03   step: 6.88e-01    0.01
         res : 1.36e-03   lamb: 1.00e+00   eps : -2.84e-03   step: 6.93e-01    0.02
         res : 6.23e-04   lamb: 1.00e+00   eps : -2.84e-03   step: 6.94e-01    0.02
         res : 2.42e-04   lamb: 1.00e+00   eps : -2.84e-03   step: 6.93e-01    0.01
         res : 8.82e-05   lamb: 1.00e+00   eps : -2.84e-03   step: 6.93e-01    0.01
         res : 4.42e-05   lamb: 1.00e+00   eps : -2.84e-03   step: 6.93e-01    0.01

     10  0      -228.48781031     2.47e-04      0.19
     10  1      -228.18760213     0.00e+00      0.19
     10  2      -228.14126750     0.00e+00      0.19

         res : 9.53e-03   lamb: 1.00e+00   eps : -4.01e-04   step: 1.32e-01    0.01
         res : 3.89e-03   lamb: 1.00e+00   eps : -4.37e-04   step: 1.49e-01    0.01
         res : 1.17e-03   lamb: 1.00e+00   eps : -4.44e-04   step: 1.53e-01    0.01
         res : 6.54e-04   lamb: 1.00e+00   eps : -4.46e-04   step: 1.54e-01    0.01
         res : 5.12e-04   lamb: 1.00e+00   eps : -4.46e-04   step: 1.55e-01    0.01
         res : 3.45e-04   lamb: 1.00e+00   eps : -4.46e-04   step: 1.55e-01    0.02
         res : 2.15e-04   lamb: 1.00e+00   eps : -4.46e-04   step: 1.55e-01    0.01
         res : 7.90e-05   lamb: 1.00e+00   eps : -4.46e-04   step: 1.56e-01    0.01
         res : 3.30e-05   lamb: 1.00e+00   eps : -4.46e-04   step: 1.56e-01    0.01
         res : 1.50e-05   lamb: 1.00e+00   eps : -4.46e-04   step: 1.56e-01    0.01

     11  0      -228.48834400     8.00e-05      0.21
     11  1      -228.18804625     0.00e+00      0.21
     11  2      -228.14107211     0.00e+00      0.21

         res : 4.09e-03   lamb: 1.00e+00   eps : -2.36e-05   step: 2.70e-02    0.01
         res : 8.84e-04   lamb: 1.00e+00   eps : -2.75e-05   step: 3.50e-02    0.01
         res : 5.11e-04   lamb: 1.00e+00   eps : -2.81e-05   step: 3.62e-02    0.01
         res : 2.90e-04   lamb: 1.00e+00   eps : -2.82e-05   step: 3.68e-02    0.01
         res : 2.00e-04   lamb: 1.00e+00   eps : -2.82e-05   step: 3.72e-02    0.01
         res : 1.57e-04   lamb: 1.00e+00   eps : -2.83e-05   step: 3.75e-02    0.01
         res : 8.02e-05   lamb: 1.00e+00   eps : -2.83e-05   step: 3.77e-02    0.01
         res : 2.96e-05   lamb: 1.00e+00   eps : -2.83e-05   step: 3.78e-02    0.01
         res : 1.46e-05   lamb: 1.00e+00   eps : -2.83e-05   step: 3.78e-02    0.01
         res : 6.79e-06   lamb: 1.00e+00   eps : -2.83e-05   step: 3.78e-02    0.01
         res : 2.58e-06   lamb: 1.00e+00   eps : -2.83e-05   step: 3.78e-02    0.01

     12  0      -228.48846262     4.51e-05      0.21
     12  1      -228.18814739     0.00e+00      0.21
     12  2      -228.14092384     0.00e+00      0.21

         res : 3.07e-03   lamb: 1.00e+00   eps : -1.91e-05   step: 3.39e-02    0.01
         res : 1.02e-03   lamb: 1.00e+00   eps : -2.21e-05   step: 4.16e-02    0.01
         res : 4.62e-04   lamb: 1.00e+00   eps : -2.29e-05   step: 4.37e-02    0.01
         res : 3.19e-04   lamb: 1.00e+00   eps : -2.32e-05   step: 4.51e-02    0.01
         res : 2.06e-04   lamb: 1.00e+00   eps : -2.32e-05   step: 4.56e-02    0.02
         res : 1.49e-04   lamb: 1.00e+00   eps : -2.32e-05   step: 4.58e-02    0.01
         res : 9.11e-05   lamb: 1.00e+00   eps : -2.33e-05   step: 4.60e-02    0.01
         res : 3.68e-05   lamb: 1.00e+00   eps : -2.33e-05   step: 4.60e-02    0.01
         res : 1.32e-05   lamb: 1.00e+00   eps : -2.33e-05   step: 4.60e-02    0.02
         res : 5.69e-06   lamb: 1.00e+00   eps : -2.33e-05   step: 4.60e-02    0.02
         res : 2.36e-06   lamb: 1.00e+00   eps : -2.33e-05   step: 4.60e-02    0.02

     13  0      -228.48855529     5.22e-05      0.24
     13  1      -228.18821963     0.00e+00      0.24
     13  2      -228.14087158     0.00e+00      0.24

         res : 3.46e-03   lamb: 1.00e+00   eps : -1.31e-04   step: 1.09e-01    0.02
         res : 2.77e-03   lamb: 1.00e+00   eps : -1.47e-04   step: 1.21e-01    0.02
         res : 1.21e-03   lamb: 1.00e+00   eps : -1.51e-04   step: 1.24e-01    0.02
         res : 5.18e-04   lamb: 1.00e+00   eps : -1.52e-04   step: 1.26e-01    0.01
         res : 1.67e-04   lamb: 1.00e+00   eps : -1.52e-04   step: 1.27e-01    0.01
         res : 8.62e-05   lamb: 1.00e+00   eps : -1.52e-04   step: 1.27e-01    0.01
         res : 6.44e-05   lamb: 1.00e+00   eps : -1.52e-04   step: 1.27e-01    0.01
         res : 4.54e-05   lamb: 1.00e+00   eps : -1.52e-04   step: 1.27e-01    0.01
         res : 2.21e-05   lamb: 1.00e+00   eps : -1.52e-04   step: 1.27e-01    0.01
         res : 6.53e-06   lamb: 1.00e+00   eps : -1.52e-04   step: 1.27e-01    0.01

     14  0      -228.48891374     1.49e-04      0.22
     14  1      -228.18833345     0.00e+00      0.22
     14  2      -228.14135584     0.00e+00      0.22

         res : 8.51e-03   lamb: 1.00e+00   eps : -1.27e-03   step: 3.26e-01    0.02
         res : 5.05e-03   lamb: 1.00e+00   eps : -1.40e-03   step: 3.54e-01    0.02
         res : 3.02e-03   lamb: 1.00e+00   eps : -1.42e-03   step: 3.61e-01    0.02
         res : 1.25e-03   lamb: 1.00e+00   eps : -1.42e-03   step: 3.64e-01    0.02
         res : 4.05e-04   lamb: 1.00e+00   eps : -1.42e-03   step: 3.64e-01    0.02
         res : 2.60e-04   lamb: 1.00e+00   eps : -1.42e-03   step: 3.64e-01    0.02
         res : 1.81e-04   lamb: 1.00e+00   eps : -1.42e-03   step: 3.64e-01    0.02
         res : 8.63e-05   lamb: 1.00e+00   eps : -1.42e-03   step: 3.64e-01    0.02
         res : 4.11e-05   lamb: 1.00e+00   eps : -1.42e-03   step: 3.64e-01    0.01
         res : 1.35e-05   lamb: 1.00e+00   eps : -1.42e-03   step: 3.64e-01    0.01

     15  0      -228.49196758     5.23e-04      0.24
     15  1      -228.18917253     0.00e+00      0.24
     15  2      -228.14682195     0.00e+00      0.24

         res : 2.09e-02   lamb: 1.00e+00   eps : -8.98e-03   step: 6.40e-01    0.01
         res : 1.27e-02   lamb: 1.00e+00   eps : -9.65e-03   step: 6.67e-01    0.01
         res : 5.82e-03   lamb: 1.00e+00   eps : -9.71e-03   step: 6.75e-01    0.01
         res : 3.24e-03   lamb: 1.00e+00   eps : -9.73e-03   step: 6.77e-01    0.01
         res : 1.85e-03   lamb: 1.00e+00   eps : -9.73e-03   step: 6.77e-01    0.02
         res : 9.17e-04   lamb: 1.00e+00   eps : -9.73e-03   step: 6.77e-01    0.02
         res : 4.01e-04   lamb: 1.00e+00   eps : -9.74e-03   step: 6.77e-01    0.02
         res : 2.19e-04   lamb: 1.00e+00   eps : -9.74e-03   step: 6.77e-01    0.02
         res : 1.39e-04   lamb: 1.00e+00   eps : -9.74e-03   step: 6.77e-01    0.02
         res : 9.84e-05   lamb: 1.00e+00   eps : -9.74e-03   step: 6.77e-01    0.02
         res : 5.16e-05   lamb: 1.00e+00   eps : -9.74e-03   step: 6.77e-01    0.02

     16  0      -228.50777212     1.78e-03      0.25
     16  1      -228.19523139     0.00e+00      0.25
     16  2      -228.18510708     0.00e+00      0.25

         res : 3.53e-02   lamb: 1.00e+00   eps : -1.88e-02   step: 3.69e-01    0.02
         res : 1.17e-02   lamb: 1.00e+00   eps : -2.05e-02   step: 4.12e-01    0.01
         res : 7.99e-03   lamb: 1.00e+00   eps : -2.06e-02   step: 4.21e-01    0.02
         res : 3.80e-03   lamb: 1.00e+00   eps : -2.06e-02   step: 4.24e-01    0.01
         res : 1.46e-03   lamb: 1.00e+00   eps : -2.06e-02   step: 4.25e-01    0.01
         res : 9.09e-04   lamb: 1.00e+00   eps : -2.07e-02   step: 4.25e-01    0.01
         res : 4.85e-04   lamb: 1.00e+00   eps : -2.07e-02   step: 4.25e-01    0.01
         res : 2.18e-04   lamb: 1.00e+00   eps : -2.07e-02   step: 4.25e-01    0.01
         res : 1.19e-04   lamb: 1.00e+00   eps : -2.07e-02   step: 4.25e-01    0.01
         res : 4.58e-05   lamb: 1.00e+00   eps : -2.07e-02   step: 4.25e-01    0.01
         res : 2.45e-05   lamb: 1.00e+00   eps : -2.07e-02   step: 4.25e-01    0.01

     17  0      -228.51748095     1.43e-03      0.17
     17  1      -228.23703156     0.00e+00      0.17
     17  2      -228.19436117     0.00e+00      0.17

         res : 2.07e-02   lamb: 1.00e+00   eps : -3.82e-03   step: 1.03e-01    0.01
         res : 8.45e-03   lamb: 1.00e+00   eps : -3.95e-03   step: 1.10e-01    0.01
         res : 3.95e-03   lamb: 1.00e+00   eps : -3.98e-03   step: 1.12e-01    0.01
         res : 3.07e-03   lamb: 1.00e+00   eps : -3.99e-03   step: 1.13e-01    0.01
         res : 1.09e-03   lamb: 1.00e+00   eps : -4.00e-03   step: 1.13e-01    0.01
         res : 4.70e-04   lamb: 1.00e+00   eps : -4.00e-03   step: 1.13e-01    0.01
         res : 2.00e-04   lamb: 1.00e+00   eps : -4.00e-03   step: 1.12e-01    0.01
         res : 8.30e-05   lamb: 1.00e+00   eps : -4.00e-03   step: 1.12e-01    0.01
         res : 4.42e-05   lamb: 1.00e+00   eps : -4.00e-03   step: 1.12e-01    0.01
         res : 2.04e-05   lamb: 1.00e+00   eps : -4.00e-03   step: 1.12e-01    0.01
         res : 8.74e-06   lamb: 1.00e+00   eps : -4.00e-03   step: 1.12e-01    0.01

     18  0      -228.51738191     4.14e-04      0.11
     18  1      -228.24578503     0.00e+00      0.11
     18  2      -228.19325195     0.00e+00      0.11

         res : 6.47e-03   lamb: 1.00e+00   eps : -1.66e-04   step: 1.93e-02    0.01
         res : 1.89e-03   lamb: 1.00e+00   eps : -1.76e-04   step: 2.21e-02    0.01
         res : 8.47e-04   lamb: 1.00e+00   eps : -1.77e-04   step: 2.26e-02    0.02
         res : 4.04e-04   lamb: 1.00e+00   eps : -1.77e-04   step: 2.28e-02    0.02
         res : 1.36e-04   lamb: 1.00e+00   eps : -1.77e-04   step: 2.29e-02    0.02
         res : 6.30e-05   lamb: 1.00e+00   eps : -1.77e-04   step: 2.29e-02    0.02
         res : 3.29e-05   lamb: 1.00e+00   eps : -1.77e-04   step: 2.29e-02    0.01
         res : 1.68e-05   lamb: 1.00e+00   eps : -1.77e-04   step: 2.29e-02    0.01
         res : 7.20e-06   lamb: 1.00e+00   eps : -1.77e-04   step: 2.29e-02    0.01
         res : 2.60e-06   lamb: 1.00e+00   eps : -1.77e-04   step: 2.29e-02    0.01
         res : 1.05e-06   lamb: 1.00e+00   eps : -1.77e-04   step: 2.29e-02    0.01

     19  0      -228.51718755     1.24e-04      0.24
     19  1      -228.24652901     0.00e+00      0.24
     19  2      -228.19302893     0.00e+00      0.24

         res : 1.93e-03   lamb: 1.00e+00   eps : -9.88e-06   step: 4.25e-03    0.01
         res : 5.36e-04   lamb: 1.00e+00   eps : -1.08e-05   step: 5.37e-03    0.01
         res : 2.58e-04   lamb: 1.00e+00   eps : -1.09e-05   step: 5.52e-03    0.02
         res : 1.16e-04   lamb: 1.00e+00   eps : -1.09e-05   step: 5.59e-03    0.02
         res : 3.99e-05   lamb: 1.00e+00   eps : -1.09e-05   step: 5.65e-03    0.02
         res : 1.56e-05   lamb: 1.00e+00   eps : -1.09e-05   step: 5.65e-03    0.02
         res : 7.14e-06   lamb: 1.00e+00   eps : -1.09e-05   step: 5.64e-03    0.02
         res : 3.47e-06   lamb: 1.00e+00   eps : -1.09e-05   step: 5.64e-03    0.02
         res : 1.41e-06   lamb: 1.00e+00   eps : -1.09e-05   step: 5.64e-03    0.02
         res : 5.92e-07   lamb: 1.00e+00   eps : -1.09e-05   step: 5.64e-03    0.02
         res : 2.32e-07   lamb: 1.00e+00   eps : -1.09e-05   step: 5.64e-03    0.01

     20  0      -228.51713899     4.73e-05      0.25
     20  1      -228.24663124     0.00e+00      0.25
     20  2      -228.19299703     0.00e+00      0.25

         res : 7.27e-04   lamb: 1.00e+00   eps : -1.21e-06   step: 1.35e-03    0.02
         res : 1.89e-04   lamb: 1.00e+00   eps : -1.35e-06   step: 1.78e-03    0.01
         res : 8.51e-05   lamb: 1.00e+00   eps : -1.36e-06   step: 1.84e-03    0.01
         res : 4.00e-05   lamb: 1.00e+00   eps : -1.36e-06   step: 1.86e-03    0.01
         res : 1.60e-05   lamb: 1.00e+00   eps : -1.36e-06   step: 1.87e-03    0.01
         res : 6.24e-06   lamb: 1.00e+00   eps : -1.36e-06   step: 1.88e-03    0.01
         res : 2.59e-06   lamb: 1.00e+00   eps : -1.36e-06   step: 1.88e-03    0.01
         res : 1.13e-06   lamb: 1.00e+00   eps : -1.36e-06   step: 1.87e-03    0.01
         res : 4.32e-07   lamb: 1.00e+00   eps : -1.36e-06   step: 1.87e-03    0.02
         res : 1.97e-07   lamb: 1.00e+00   eps : -1.36e-06   step: 1.87e-03    0.02
         res : 7.44e-08   lamb: 1.00e+00   eps : -1.36e-06   step: 1.87e-03    0.02

     21  0      -228.51712660     2.11e-05      0.23
     21  1      -228.24665313     0.00e+00      0.23
     21  2      -228.19299042     0.00e+00      0.23

         res : 3.12e-04   lamb: 1.00e+00   eps : -2.15e-07   step: 5.28e-04    0.01
         res : 7.70e-05   lamb: 1.00e+00   eps : -2.41e-07   step: 7.11e-04    0.01
         res : 3.25e-05   lamb: 1.00e+00   eps : -2.43e-07   step: 7.30e-04    0.01
         res : 1.53e-05   lamb: 1.00e+00   eps : -2.43e-07   step: 7.38e-04    0.01
         res : 6.63e-06   lamb: 1.00e+00   eps : -2.43e-07   step: 7.43e-04    0.01
         res : 2.50e-06   lamb: 1.00e+00   eps : -2.43e-07   step: 7.43e-04    0.01
         res : 9.85e-07   lamb: 1.00e+00   eps : -2.43e-07   step: 7.43e-04    0.02
         res : 4.02e-07   lamb: 1.00e+00   eps : -2.43e-07   step: 7.43e-04    0.01
         res : 1.48e-07   lamb: 1.00e+00   eps : -2.43e-07   step: 7.43e-04    0.01
         res : 7.00e-08   lamb: 1.00e+00   eps : -2.43e-07   step: 7.43e-04    0.01

     22  0      -228.51712274     9.78e-06      0.22
     22  1      -228.24665931     0.00e+00      0.22
     22  2      -228.19298861     0.00e+00      0.22

         res : 1.39e-04   lamb: 1.00e+00   eps : -4.32e-08   step: 2.26e-04    0.01
         res : 3.35e-05   lamb: 1.00e+00   eps : -4.84e-08   step: 3.07e-04    0.01
         res : 1.37e-05   lamb: 1.00e+00   eps : -4.87e-08   step: 3.14e-04    0.01
         res : 6.35e-06   lamb: 1.00e+00   eps : -4.87e-08   step: 3.16e-04    0.02
         res : 2.83e-06   lamb: 1.00e+00   eps : -4.87e-08   step: 3.18e-04    0.02
         res : 1.07e-06   lamb: 1.00e+00   eps : -4.87e-08   step: 3.18e-04    0.02
         res : 4.12e-07   lamb: 1.00e+00   eps : -4.87e-08   step: 3.18e-04    0.02
         res : 1.61e-07   lamb: 1.00e+00   eps : -4.87e-08   step: 3.18e-04    0.02
         res : 5.64e-08   lamb: 1.00e+00   eps : -4.87e-08   step: 3.18e-04    0.02
         res : 2.62e-08   lamb: 1.00e+00   eps : -4.87e-08   step: 3.18e-04    0.02

     23  0      -228.51712131     4.55e-06      0.26
     23  1      -228.24666143     0.00e+00      0.26
     23  2      -228.19298803     0.00e+00      0.26

         res : 6.28e-05   lamb: 1.00e+00   eps : -8.95e-09   step: 1.00e-04    0.01
         res : 1.50e-05   lamb: 1.00e+00   eps : -1.00e-08   step: 1.36e-04    0.02
         res : 6.01e-06   lamb: 1.00e+00   eps : -1.01e-08   step: 1.39e-04    0.02
         res : 2.77e-06   lamb: 1.00e+00   eps : -1.01e-08   step: 1.40e-04    0.02
         res : 1.24e-06   lamb: 1.00e+00   eps : -1.01e-08   step: 1.41e-04    0.02
         res : 4.72e-07   lamb: 1.00e+00   eps : -1.01e-08   step: 1.41e-04    0.02
         res : 1.81e-07   lamb: 1.00e+00   eps : -1.01e-08   step: 1.41e-04    0.02
         res : 6.93e-08   lamb: 1.00e+00   eps : -1.01e-08   step: 1.41e-04    0.02
         res : 2.33e-08   lamb: 1.00e+00   eps : -1.01e-08   step: 1.41e-04    0.02
         res : 1.03e-08   lamb: 1.00e+00   eps : -1.01e-08   step: 1.41e-04    0.03

     24  0      -228.51712072     2.10e-06      0.26
     24  1      -228.24666225     0.00e+00      0.26
     24  2      -228.19298782     0.00e+00      0.26

         res : 2.86e-05   lamb: 1.00e+00   eps : -1.87e-09   step: 4.50e-05    0.02
         res : 6.82e-06   lamb: 1.00e+00   eps : -2.09e-09   step: 6.14e-05    0.02
         res : 2.70e-06   lamb: 1.00e+00   eps : -2.10e-09   step: 6.27e-05    0.02
         res : 1.24e-06   lamb: 1.00e+00   eps : -2.11e-09   step: 6.31e-05    0.01
         res : 5.56e-07   lamb: 1.00e+00   eps : -2.11e-09   step: 6.34e-05    0.01
         res : 2.12e-07   lamb: 1.00e+00   eps : -2.11e-09   step: 6.34e-05    0.01
         res : 8.11e-08   lamb: 1.00e+00   eps : -2.11e-09   step: 6.34e-05    0.01
         res : 3.08e-08   lamb: 1.00e+00   eps : -2.11e-09   step: 6.34e-05    0.01
         res : 1.01e-08   lamb: 1.00e+00   eps : -2.11e-09   step: 6.34e-05    0.01
         res : 4.32e-09   lamb: 1.00e+00   eps : -2.11e-09   step: 6.34e-05    0.01

     25  0      -228.51712047     9.70e-07      0.18
     25  1      -228.24666260     0.00e+00      0.18
     25  2      -228.19298774     0.00e+00      0.18

         res : 1.30e-05   lamb: 1.00e+00   eps : -3.91e-10   step: 2.04e-05    0.02
         res : 3.11e-06   lamb: 1.00e+00   eps : -4.38e-10   step: 2.79e-05    0.02
         res : 1.23e-06   lamb: 1.00e+00   eps : -4.40e-10   step: 2.84e-05    0.02
         res : 5.60e-07   lamb: 1.00e+00   eps : -4.41e-10   step: 2.86e-05    0.02
         res : 2.52e-07   lamb: 1.00e+00   eps : -4.41e-10   step: 2.87e-05    0.02
         res : 9.63e-08   lamb: 1.00e+00   eps : -4.41e-10   step: 2.88e-05    0.02
         res : 3.68e-08   lamb: 1.00e+00   eps : -4.41e-10   step: 2.88e-05    0.02
         res : 1.39e-08   lamb: 1.00e+00   eps : -4.41e-10   step: 2.87e-05    0.02
         res : 4.52e-09   lamb: 1.00e+00   eps : -4.41e-10   step: 2.87e-05    0.03

     26  0      -228.51712035     4.45e-07      0.26
     26  1      -228.24666275     0.00e+00      0.26
     26  2      -228.19298770     0.00e+00      0.26

         res : 5.96e-06   lamb: 1.00e+00   eps : -8.20e-11   step: 9.31e-06    0.02
         res : 1.42e-06   lamb: 1.00e+00   eps : -9.18e-11   step: 1.27e-05    0.02
         res : 5.60e-07   lamb: 1.00e+00   eps : -9.22e-11   step: 1.29e-05    0.02
         res : 2.55e-07   lamb: 1.00e+00   eps : -9.23e-11   step: 1.30e-05    0.02
         res : 1.15e-07   lamb: 1.00e+00   eps : -9.23e-11   step: 1.31e-05    0.02
         res : 4.39e-08   lamb: 1.00e+00   eps : -9.23e-11   step: 1.31e-05    0.03
         res : 1.68e-08   lamb: 1.00e+00   eps : -9.23e-11   step: 1.31e-05    0.02
         res : 6.32e-09   lamb: 1.00e+00   eps : -9.23e-11   step: 1.31e-05    0.02
         res : 2.04e-09   lamb: 1.00e+00   eps : -9.23e-11   step: 1.31e-05    0.02

     27  0      -228.51712030     2.04e-07      0.24
     27  1      -228.24666282     0.00e+00      0.24
     27  2      -228.19298769     0.00e+00      0.24

         res : 2.72e-06   lamb: 1.00e+00   eps : -1.72e-11   step: 4.25e-06    0.01
         res : 6.49e-07   lamb: 1.00e+00   eps : -1.92e-11   step: 5.80e-06    0.02
         res : 2.56e-07   lamb: 1.00e+00   eps : -1.93e-11   step: 5.91e-06    0.02
         res : 1.16e-07   lamb: 1.00e+00   eps : -1.93e-11   step: 5.94e-06    0.02
         res : 5.23e-08   lamb: 1.00e+00   eps : -1.93e-11   step: 5.97e-06    0.02
         res : 2.01e-08   lamb: 1.00e+00   eps : -1.93e-11   step: 5.97e-06    0.02
         res : 7.65e-09   lamb: 1.00e+00   eps : -1.93e-11   step: 5.97e-06    0.02
         res : 2.88e-09   lamb: 1.00e+00   eps : -1.93e-11   step: 5.97e-06    0.02

     28  0      -228.51712028     9.36e-08      0.23
     28  1      -228.24666285     0.00e+00      0.23
     28  2      -228.19298768     0.00e+00      0.23

         res : 1.25e-06   lamb: 1.00e+00   eps : -3.60e-12   step: 1.94e-06    0.01
         res : 2.97e-07   lamb: 1.00e+00   eps : -4.03e-12   step: 2.65e-06    0.02
         res : 1.17e-07   lamb: 1.00e+00   eps : -4.05e-12   step: 2.70e-06    0.02
         res : 5.32e-08   lamb: 1.00e+00   eps : -4.05e-12   step: 2.71e-06    0.02
         res : 2.39e-08   lamb: 1.00e+00   eps : -4.05e-12   step: 2.72e-06    0.02
         res : 9.17e-09   lamb: 1.00e+00   eps : -4.05e-12   step: 2.73e-06    0.02
         res : 3.50e-09   lamb: 1.00e+00   eps : -4.05e-12   step: 2.73e-06    0.02

     29  0      -228.51712027     4.29e-08      0.19
     29  1      -228.24666286     0.00e+00      0.19
     29  2      -228.19298768     0.00e+00      0.19

         res : 5.70e-07   lamb: 1.00e+00   eps : -7.55e-13   step: 8.89e-07    0.01
         res : 1.36e-07   lamb: 1.00e+00   eps : -8.44e-13   step: 1.21e-06    0.01
         res : 5.35e-08   lamb: 1.00e+00   eps : -8.48e-13   step: 1.23e-06    0.02
         res : 2.44e-08   lamb: 1.00e+00   eps : -8.49e-13   step: 1.24e-06    0.02
         res : 1.10e-08   lamb: 1.00e+00   eps : -8.49e-13   step: 1.25e-06    0.02
         res : 4.21e-09   lamb: 1.00e+00   eps : -8.49e-13   step: 1.25e-06    0.01

     30  0      -228.51712026     1.96e-08      0.15
     30  1      -228.24666287     0.00e+00      0.15
     30  2      -228.19298768     0.00e+00      0.15

         res : 2.61e-07   lamb: 1.00e+00   eps : -1.58e-13   step: 4.07e-07    0.01
         res : 6.23e-08   lamb: 1.00e+00   eps : -1.77e-13   step: 5.55e-07    0.01
         res : 2.48e-08   lamb: 1.00e+00   eps : -1.78e-13   step: 5.64e-07    0.01
         res : 1.14e-08   lamb: 1.00e+00   eps : -1.78e-13   step: 5.68e-07    0.01
         res : 5.11e-09   lamb: 1.00e+00   eps : -1.78e-13   step: 5.70e-07    0.01
         res : 1.94e-09   lamb: 1.00e+00   eps : -1.78e-13   step: 5.70e-07    0.01

     31  0      -228.51712026     8.99e-09      0.12
     31  1      -228.24666287     0.00e+00      0.12
     31  2      -228.19298768     0.00e+00      0.12

    * Second-order optimization converged. *   

    * Integral transformation done. Elapsed time: 0.01

     guess   0:   closed 111...               open ......              
     guess   1:   closed 11....               open ..11..              
     guess   2:   closed 1.1...               open .1.1..              

  === FCI iteration ===

      0  0      -228.45253990     1.44e-02      0.00
      0  1      -228.14152536     1.30e-02      0.00
      0  2      -228.07360514     1.59e-02      0.00

      1  0      -228.51207983     4.53e-03      0.00
      1  1      -228.18954229     7.53e-03      0.00
      1  2      -228.18394059     6.39e-03      0.00

      2  0      -228.51685615     1.20e-03      0.00
      2  1      -228.22520270     6.95e-03      0.00
      2  2      -228.19236846     1.16e-03      0.00

      3  0      -228.51711099     2.08e-04      0.00
      3  1      -228.24387976     3.61e-03      0.00
      3  2      -228.19291270     4.97e-04      0.00

      4  0      -228.51712007     2.82e-05      0.00
      4  1      -228.24661487     4.25e-04      0.00
      4  2      -228.19298316     1.31e-04      0.00

      5  0      -228.51712025     5.51e-06      0.00
      5  1      -228.24666171     6.71e-05      0.00
      5  2      -228.19298751     2.04e-05      0.00

      6  0      -228.51712026     9.03e-07      0.00
      6  1      -228.24666283     1.32e-05      0.00
      6  2      -228.19298767     4.89e-06      0.00

      7  0      -228.51712026     1.05e-07      0.00
      7  1      -228.24666287     2.35e-06      0.00
      7  2      -228.19298768     1.00e-06      0.00

      8  0      -228.51712026     1.77e-08      0.00
      8  1      -228.24666287     4.08e-07      0.00
      8  2      -228.19298768     2.01e-07      0.00

      9  0      -228.51712026     2.31e-09      0.00
      9  1      -228.24666287     6.71e-08      0.00
      9  2      -228.19298768     3.36e-08      0.00

     10  0      -228.51712026     2.86e-10      0.00
     10  1      -228.24666287     8.55e-09      0.00
     10  2      -228.19298768     5.35e-09      0.00

     11  0 *    -228.51712026     3.50e-11      0.00
     11  1      -228.24666287     9.35e-10      0.00
     11  2      -228.19298768     7.16e-10      0.00

     12  0 *    -228.51712026     3.20e-11      0.00
     12  1      -228.24666287     1.32e-10      0.00
     12  2      -228.19298768     1.04e-10      0.00

     13  0 *    -228.51712026     3.17e-11      0.00
     13  1 *    -228.24666287     2.13e-11      0.00
     13  2 *    -228.19298768     1.58e-11      0.00

     * ci vector, state   0, <S^2> = 0.0000
       222...     0.9585388009
       22.2..    -0.1320650217
       2baab.     0.0917013758
       2abba.     0.0917013758
       2.2.2.    -0.0846662989
       22..2.    -0.0689052811
       2a2b..    -0.0681895382
       2b2a..    -0.0681895382
       .22..2    -0.0576528417
       2.22..    -0.0565701689

     * ci vector, state   1, <S^2> = -0.0000
       2a2b..     0.4331031492
       2b2a..     0.4331031492
       22b.a.     0.4020847191
       22a.b.     0.4020847191
       22.2..    -0.3238577606
       22..2.     0.1917260877
       2.22..     0.1832941058
       2.2.2.    -0.1520448108
       2abab.    -0.1470621638
       2baba.    -0.1470621638
       2abba.    -0.0782158686
       2baab.    -0.0782158686
       222...     0.0770321473
       2aabb.    -0.0688462951
       2bbaa.    -0.0688462951
       2a.b2.     0.0573352927
       2b.a2.     0.0573352927

     * ci vector, state   2, <S^2> = 0.0000
       22ba..    -0.6830337344
       22ab..    -0.6830337344
       2b2.a.     0.0991211127
       2a2.b.     0.0991211127
       22.ba.     0.0923550619
       22.ab.     0.0923550619
       a22..b    -0.0533133928
       b22..a    -0.0533133928
       2ba2..     0.0523654499
       2ab2..     0.0523654499

    * METHOD: CASSCF                               7.56


    * METHOD: SAVE_REF                             0.00

  ---------------------------
      CASSCF calculation     
  ---------------------------

    * nstate   :      3
    * nclosed  :     15
    * nact     :      6
    * nvirt    :     69
  === CASSCF iteration (svp) ===

    * Using the second-order algorithm

      0  0      -228.17961668     1.46e-02      0.03
      0  1      -228.10944700     0.00e+00      0.03
      0  2      -227.94895876     0.00e+00      0.03

         res : 9.32e-02   lamb: 1.00e+00   eps : -5.50e-02   step: 1.51e-01    0.02
         res : 2.53e-02   lamb: 1.00e+00   eps : -5.67e-02   step: 1.62e-01    0.02
         res : 8.81e-03   lamb: 1.00e+00   eps : -5.68e-02   step: 1.60e-01    0.02
         res : 2.33e-03   lamb: 1.00e+00   eps : -5.68e-02   step: 1.59e-01    0.02
         res : 5.32e-04   lamb: 1.00e+00   eps : -5.68e-02   step: 1.59e-01    0.02
         res : 1.56e-04   lamb: 1.00e+00   eps : -5.68e-02   step: 1.59e-01    0.02
         res : 4.44e-05   lamb: 1.00e+00   eps : -5.68e-02   step: 1.59e-01    0.02
         res : 1.19e-05   lamb: 1.00e+00   eps : -5.68e-02   step: 1.59e-01    0.02

      1  0      -228.20670478     4.76e-04      0.23
      1  1      -228.13960637     0.00e+00      0.23
      1  2      -227.97997192     0.00e+00      0.23

         res : 9.48e-03   lamb: 1.00e+00   eps : -3.80e-04   step: 4.36e-02    0.03
         res : 2.31e-03   lamb: 1.00e+00   eps : -3.98e-04   step: 4.86e-02    0.02
         res : 1.18e-03   lamb: 1.00e+00   eps : -4.01e-04   step: 5.01e-02    0.02
         res : 7.56e-04   lamb: 1.00e+00   eps : -4.02e-04   step: 5.10e-02    0.02
         res : 1.91e-04   lamb: 1.00e+00   eps : -4.02e-04   step: 5.14e-02    0.02
         res : 4.64e-05   lamb: 1.00e+00   eps : -4.02e-04   step: 5.15e-02    0.02
         res : 1.71e-05   lamb: 1.00e+00   eps : -4.02e-04   step: 5.15e-02    0.02
         res : 6.47e-06   lamb: 1.00e+00   eps : -4.02e-04   step: 5.15e-02    0.02
         res : 1.71e-06   lamb: 1.00e+00   eps : -4.02e-04   step: 5.15e-02    0.02

      2  0      -228.20715786     6.15e-05      0.24
      2  1      -228.14024319     0.00e+00      0.24
      2  2      -227.97952509     0.00e+00      0.24

         res : 9.94e-04   lamb: 1.00e+00   eps : -5.80e-06   step: 4.97e-03    0.02
         res : 2.48e-04   lamb: 1.00e+00   eps : -6.01e-06   step: 5.36e-03    0.02
         res : 9.81e-05   lamb: 1.00e+00   eps : -6.02e-06   step: 5.40e-03    0.02
         res : 2.67e-05   lamb: 1.00e+00   eps : -6.03e-06   step: 5.41e-03    0.02
         res : 9.58e-06   lamb: 1.00e+00   eps : -6.03e-06   step: 5.42e-03    0.02
         res : 3.48e-06   lamb: 1.00e+00   eps : -6.03e-06   step: 5.42e-03    0.01
         res : 1.04e-06   lamb: 1.00e+00   eps : -6.03e-06   step: 5.42e-03    0.01
         res : 3.55e-07   lamb: 1.00e+00   eps : -6.03e-06   step: 5.42e-03    0.01

      3  0      -228.20718635     2.50e-05      0.20
      3  1      -228.14026931     0.00e+00      0.20
      3  2      -227.97948200     0.00e+00      0.20

         res : 3.63e-04   lamb: 1.00e+00   eps : -5.22e-07   step: 1.13e-03    0.01
         res : 5.73e-05   lamb: 1.00e+00   eps : -5.51e-07   step: 1.30e-03    0.01
         res : 1.92e-05   lamb: 1.00e+00   eps : -5.52e-07   step: 1.31e-03    0.01
         res : 7.49e-06   lamb: 1.00e+00   eps : -5.52e-07   step: 1.31e-03    0.01
         res : 3.08e-06   lamb: 1.00e+00   eps : -5.52e-07   step: 1.31e-03    0.01
         res : 1.18e-06   lamb: 1.00e+00   eps : -5.52e-07   step: 1.31e-03    0.01
         res : 4.19e-07   lamb: 1.00e+00   eps : -5.52e-07   step: 1.31e-03    0.01
         res : 1.29e-07   lamb: 1.00e+00   eps : -5.52e-07   step: 1.31e-03    0.02

      4  0      -228.20719201     1.12e-05      0.18
      4  1      -228.14027703     0.00e+00      0.18
      4  2      -227.97946976     0.00e+00      0.18

         res : 1.44e-04   lamb: 1.00e+00   eps : -7.63e-08   step: 3.45e-04    0.02
         res : 1.95e-05   lamb: 1.00e+00   eps : -8.13e-08   step: 4.11e-04    0.02
         res : 5.69e-06   lamb: 1.00e+00   eps : -8.14e-08   step: 4.11e-04    0.02
         res : 1.79e-06   lamb: 1.00e+00   eps : -8.14e-08   step: 4.12e-04    0.02
         res : 6.49e-07   lamb: 1.00e+00   eps : -8.14e-08   step: 4.12e-04    0.02
         res : 3.69e-07   lamb: 1.00e+00   eps : -8.14e-08   step: 4.12e-04    0.02
         res : 1.53e-07   lamb: 1.00e+00   eps : -8.14e-08   step: 4.12e-04    0.02
         res : 4.15e-08   lamb: 1.00e+00   eps : -8.14e-08   step: 4.12e-04    0.02
         res : 1.13e-08   lamb: 1.00e+00   eps : -8.14e-08   step: 4.12e-04    0.01

      5  0      -228.20719334     5.00e-06      0.23
      5  1      -228.14027972     0.00e+00      0.23
      5  2      -227.97946592     0.00e+00      0.23

         res : 6.00e-05   lamb: 1.00e+00   eps : -1.32e-08   step: 1.26e-04    0.01
         res : 7.95e-06   lamb: 1.00e+00   eps : -1.41e-08   step: 1.53e-04    0.01
         res : 2.40e-06   lamb: 1.00e+00   eps : -1.42e-08   step: 1.53e-04    0.01
         res : 7.66e-07   lamb: 1.00e+00   eps : -1.42e-08   step: 1.53e-04    0.02
         res : 4.10e-07   lamb: 1.00e+00   eps : -1.42e-08   step: 1.53e-04    0.02
         res : 1.75e-07   lamb: 1.00e+00   eps : -1.42e-08   step: 1.53e-04    0.02
         res : 5.42e-08   lamb: 1.00e+00   eps : -1.42e-08   step: 1.53e-04    0.02
         res : 1.65e-08   lamb: 1.00e+00   eps : -1.42e-08   step: 1.53e-04    0.02
         res : 5.39e-09   lamb: 1.00e+00   eps : -1.42e-08   step: 1.53e-04    0.02

      6  0      -228.20719367     2.22e-06      0.21
      6  1      -228.14028074     0.00e+00      0.21
      6  2      -227.97946460     0.00e+00      0.21

         res : 2.55e-05   lamb: 1.00e+00   eps : -2.41e-09   step: 5.06e-05    0.01
         res : 3.44e-06   lamb: 1.00e+00   eps : -2.59e-09   step: 6.19e-05    0.01
         res : 1.08e-06   lamb: 1.00e+00   eps : -2.59e-09   step: 6.15e-05    0.01
         res : 3.50e-07   lamb: 1.00e+00   eps : -2.59e-09   step: 6.16e-05    0.01
         res : 2.00e-07   lamb: 1.00e+00   eps : -2.59e-09   step: 6.17e-05    0.01
         res : 7.17e-08   lamb: 1.00e+00   eps : -2.59e-09   step: 6.17e-05    0.01
         res : 2.19e-08   lamb: 1.00e+00   eps : -2.59e-09   step: 6.17e-05    0.01
         res : 7.03e-09   lamb: 1.00e+00   eps : -2.59e-09   step: 6.17e-05    0.01
         res : 2.51e-09   lamb: 1.00e+00   eps : -2.59e-09   step: 6.17e-05    0.01

      7  0      -228.20719377     9.75e-07      0.13
      7  1      -228.14028114     0.00e+00      0.13
      7  2      -227.97946410     0.00e+00      0.13

         res : 1.09e-05   lamb: 1.00e+00   eps : -4.48e-10   step: 2.10e-05    0.01
         res : 1.50e-06   lamb: 1.00e+00   eps : -4.80e-10   step: 2.58e-05    0.01
         res : 4.78e-07   lamb: 1.00e+00   eps : -4.80e-10   step: 2.57e-05    0.01
         res : 1.55e-07   lamb: 1.00e+00   eps : -4.81e-10   step: 2.57e-05    0.01
         res : 8.88e-08   lamb: 1.00e+00   eps : -4.81e-10   step: 2.58e-05    0.01
         res : 3.05e-08   lamb: 1.00e+00   eps : -4.81e-10   step: 2.58e-05    0.01
         res : 9.29e-09   lamb: 1.00e+00   eps : -4.81e-10   step: 2.58e-05    0.01
         res : 3.02e-09   lamb: 1.00e+00   eps : -4.81e-10   step: 2.58e-05    0.01

      8  0      -228.20719379     4.26e-07      0.10
      8  1      -228.14028131     0.00e+00      0.10
      8  2      -227.97946390     0.00e+00      0.10

         res : 4.70e-06   lamb: 1.00e+00   eps : -8.35e-11   step: 8.91e-06    0.01
         res : 6.53e-07   lamb: 1.00e+00   eps : -8.95e-11   step: 1.10e-05    0.01
         res : 2.10e-07   lamb: 1.00e+00   eps : -8.96e-11   step: 1.09e-05    0.01
         res : 6.77e-08   lamb: 1.00e+00   eps : -8.96e-11   step: 1.09e-05    0.01
         res : 3.86e-08   lamb: 1.00e+00   eps : -8.96e-11   step: 1.09e-05    0.01
         res : 1.31e-08   lamb: 1.00e+00   eps : -8.96e-11   step: 1.10e-05    0.01
         res : 3.99e-09   lamb: 1.00e+00   eps : -8.96e-11   step: 1.10e-05    0.01

      9  0      -228.20719380     1.85e-07      0.09
      9  1      -228.14028138     0.00e+00      0.09
      9  2      -227.97946382     0.00e+00      0.09

         res : 2.03e-06   lamb: 1.00e+00   eps : -1.56e-11   step: 3.81e-06    0.01
         res : 2.84e-07   lamb: 1.00e+00   eps : -1.67e-11   step: 4.70e-06    0.01
         res : 9.18e-08   lamb: 1.00e+00   eps : -1.67e-11   step: 4.67e-06    0.01
         res : 2.94e-08   lamb: 1.00e+00   eps : -1.67e-11   step: 4.68e-06    0.01
         res : 1.68e-08   lamb: 1.00e+00   eps : -1.67e-11   step: 4.68e-06    0.01
         res : 5.69e-09   lamb: 1.00e+00   eps : -1.67e-11   step: 4.69e-06    0.01
         res : 1.73e-09   lamb: 1.00e+00   eps : -1.67e-11   step: 4.69e-06    0.01

     10  0      -228.20719381     8.03e-08      0.09
     10  1      -228.14028141     0.00e+00      0.09
     10  2      -227.97946379     0.00e+00      0.09

         res : 8.76e-07   lamb: 1.00e+00   eps : -2.91e-12   step: 1.64e-06    0.01
         res : 1.23e-07   lamb: 1.00e+00   eps : -3.12e-12   step: 2.02e-06    0.01
         res : 3.99e-08   lamb: 1.00e+00   eps : -3.13e-12   step: 2.01e-06    0.01
         res : 1.27e-08   lamb: 1.00e+00   eps : -3.13e-12   step: 2.01e-06    0.02
         res : 7.22e-09   lamb: 1.00e+00   eps : -3.13e-12   step: 2.01e-06    0.02
         res : 2.45e-09   lamb: 1.00e+00   eps : -3.13e-12   step: 2.02e-06    0.01

     11  0      -228.20719381     3.48e-08      0.14
     11  1      -228.14028143     0.00e+00      0.14
     11  2      -227.97946378     0.00e+00      0.14

         res : 3.78e-07   lamb: 1.00e+00   eps : -5.44e-13   step: 7.05e-07    0.01
         res : 5.32e-08   lamb: 1.00e+00   eps : -5.83e-13   step: 8.70e-07    0.01
         res : 1.74e-08   lamb: 1.00e+00   eps : -5.84e-13   step: 8.65e-07    0.01
         res : 5.63e-09   lamb: 1.00e+00   eps : -5.84e-13   step: 8.66e-07    0.01
         res : 3.21e-09   lamb: 1.00e+00   eps : -5.84e-13   step: 8.68e-07    0.01

     12  0      -228.20719381     1.51e-08      0.12
     12  1      -228.14028143     0.00e+00      0.12
     12  2      -227.97946377     0.00e+00      0.12

         res : 1.63e-07   lamb: 1.00e+00   eps : -1.02e-13   step: 3.04e-07    0.01
         res : 2.30e-08   lamb: 1.00e+00   eps : -1.09e-13   step: 3.76e-07    0.01
         res : 7.43e-09   lamb: 1.00e+00   eps : -1.09e-13   step: 3.74e-07    0.01
         res : 2.43e-09   lamb: 1.00e+00   eps : -1.09e-13   step: 3.75e-07    0.01

     13  0      -228.20719381     6.51e-09      0.13
     13  1      -228.14028143     0.00e+00      0.13
     13  2      -227.97946377     0.00e+00      0.13

    * Second-order optimization converged. *   

    * Integral transformation done. Elapsed time: 0.02

     guess   0:   closed 11....               open ..1...              
     guess   1:   closed 1.1...               open .1....              
     guess   2:   closed 11....               open ...1..              

  === FCI iteration ===

      0  0      -228.15371016     1.56e-02      0.00
      0  1      -228.08238239     1.60e-02      0.00
      0  2      -227.89438497     1.52e-02      0.00

      1  0      -228.20412952     4.16e-03      0.00
      1  1      -228.13707366     4.51e-03      0.00
      1  2      -227.96751698     7.23e-03      0.00

      2  0      -228.20701207     9.40e-04      0.00
      2  1      -228.14008436     1.02e-03      0.00
      2  2      -227.97832897     2.19e-03      0.00

      3  0      -228.20718005     2.38e-04      0.00
      3  1      -228.14026726     2.76e-04      0.00
      3  2      -227.97931840     7.15e-04      0.00

      4  0      -228.20719291     6.26e-05      0.00
      4  1      -228.14028070     5.72e-05      0.00
      4  2      -227.97944860     2.28e-04      0.00

      5  0      -228.20719378     1.18e-05      0.00
      5  1      -228.14028139     1.42e-05      0.00
      5  2      -227.97946191     7.35e-05      0.00

      6  0      -228.20719381     2.02e-06      0.00
      6  1      -228.14028143     3.16e-06      0.00
      6  2      -227.97946340     2.99e-05      0.00

      7  0      -228.20719381     4.13e-07      0.00
      7  1      -228.14028143     5.04e-07      0.00
      7  2      -227.97946373     1.17e-05      0.00

      8  0      -228.20719381     8.61e-08      0.00
      8  1      -228.14028143     9.84e-08      0.00
      8  2      -227.97946376     3.42e-06      0.00

      9  0      -228.20719381     1.34e-08      0.00
      9  1      -228.14028143     2.01e-08      0.00
      9  2      -227.97946377     9.77e-07      0.00

     10  0      -228.20719381     2.14e-09      0.00
     10  1      -228.14028143     3.60e-09      0.00
     10  2      -227.97946377     1.92e-07      0.00

     11  0      -228.20719381     3.38e-10      0.00
     11  1      -228.14028143     5.79e-10      0.00
     11  2      -227.97946377     2.96e-08      0.00

     12  0 *    -228.20719381     5.19e-11      0.00
     12  1 *    -228.14028143     6.37e-11      0.00
     12  2      -227.97946377     3.73e-09      0.00

     13  0 *    -228.20719381     5.20e-11      0.00
     13  1 *    -228.14028143     5.86e-11      0.00
     13  2      -227.97946377     5.74e-10      0.00

     14  0 *    -228.20719381     4.94e-11      0.00
     14  1 *    -228.14028143     5.75e-11      0.00
     14  2 *    -227.97946377     8.87e-11      0.00

     * ci vector, state   0, <S^2> = 0.7500
       22a...    -0.9691541162
       22..a.    -0.0992760889
       2.2.a.     0.0907380845
       2.a.2.    -0.0825840106
       2.a2..    -0.0800848953
       2aba..    -0.0766165398
       2baa..    -0.0683786451
       2a.ba.    -0.0649886426
       .2a..2    -0.0591470456

     * ci vector, state   1, <S^2> = 0.7500
       2a2...     0.9560547766
       2a.2..    -0.1245278917
       22.a..     0.1245099120
       2ba.a.    -0.1150299169
       2a..2.    -0.1000846258
       2.2a..    -0.0854012693
       2ab.a.    -0.0596080941
       .a2..2     0.0580045577
       2.aab.    -0.0576058789
       2aa.b.     0.0554218229

     * ci vector, state   2, <S^2> = 0.7500
       22.a..    -0.9008833225
       2.2a..     0.2432033524
       2ab.a.    -0.2268240073
       2aa.b.    -0.1201943507
       2a2...     0.1085198270
       2ba.a.    -0.1066296566
       2.aab.    -0.1061753449
       2..a2.    -0.0706455733
       2.baa.     0.0668438337
       .2.a.2    -0.0561783487
       2aab..    -0.0559432271

    * METHOD: CASSCF                               2.20


    * METHOD: SAVE_REF                             0.00

  *** Dyson Orbitals ***

       - 3-index ints prep                         0.00
       - 3-index ints                              0.01
       - 2-index ints                              0.00
       - computing inverse                         0.06
 * Extracting CI coefficients from Reference object for the following states: 0 1 
 * Extracting CI coefficients from Reference object for the following states: 0 1 2 

  electrons in initial states : 3 (alpha)    3 (beta)
  electrons in final states   : 3 (alpha)    2 (beta)


  initial states I :   0   1 
  final states F   :   0   1   2 

  Norms^2 of Dyson orbitals approximately indicate the strength of an inization transitions.

    transition           ionization           Dyson
  from   -> to          energy (a.u.)         norm

    0    ->    0          0.3099265         0.9575414
    0    ->    1          0.3768388         0.9460368
    0    ->    2          0.5376565         0.1896690
    1    ->    0          0.0394691         0.4326450
    1    ->    1          0.1063814         0.5007940
    1    ->    2          0.2671991         0.3728713

    * METHOD: DYSON                                6.38


  
  ===============================================================

