  * using 24 threads per process

  ===============================================================
    BAGEL - Freshly leavened quantum chemistry                   
  ===============================================================

  *** Geometry ***

  { "atom" : "O", "xyz" : [      0.184334,      0.000000,      0.119452 ] },
  { "atom" : "C", "xyz" : [      0.335677,      0.000000,      2.649904 ] },
  { "atom" : "C", "xyz" : [      2.748361,      0.000000,      3.408530 ] },
  { "atom" : "C", "xyz" : [      4.232171,      0.000000,      1.123089 ] },
  { "atom" : "C", "xyz" : [      2.557369,      0.000000,     -0.772062 ] },
  { "atom" : "H", "xyz" : [      2.751427,      0.000000,     -2.781172 ] },
  { "atom" : "H", "xyz" : [      6.247256,      0.000000,      0.956235 ] },
  { "atom" : "H", "xyz" : [      3.415980,      0.000000,      5.317114 ] },
  { "atom" : "H", "xyz" : [     -1.420577,      0.000000,      3.644767 ] },

  Number of auxiliary basis functions:      449

  Since a DF basis is specified, we compute 2- and 3-index integrals:
    o Being stored without compression. Storage requirement is 0.160 GB
       - 3-index ints prep                         0.00
       - 3-index ints                              0.06
       - 2-index ints                              0.00
       - computing inverse                         0.03
        elapsed time:        0.10 sec.


  Number of basis functions:      211
  Number of electrons      :       36


    * METHOD: MOLECULE                             0.11

       - Overlap matrix                            0.00
       - Hcore matrix                              0.00
       - Overlap orthog                            0.01

  *** RHF ***

  === Nuclear Repulsion ===
  
   162.7184827851

      * DIIS with orbital gradients will be used.

       - SCF startup                               0.08

  === RHF iteration (tzvpp) ===
  
      0       -228.49776883          0.01381150           0.03
      1       -228.66421718          0.00758854           0.03
      2       -228.71436814          0.00148377           0.03
      3       -228.71687412          0.00063592           0.05
      4       -228.71727836          0.00011724           0.03
      5       -228.71729690          0.00003171           0.03
      6       -228.71729916          0.00001752           0.03
      7       -228.71729999          0.00000540           0.03
      8       -228.71730010          0.00000126           0.03
      9       -228.71730010          0.00000040           0.03
     10       -228.71730010          0.00000018           0.03
     11       -228.71730010          0.00000008           0.03
     12       -228.71730010          0.00000002           0.03
     13       -228.71730010          0.00000001           0.03
     14       -228.71730010          0.00000000           0.03
  
    * SCF iteration converged.

    * Permanent dipole moment:
           (   -0.224016,    -0.000000,    -0.145441) a.u.

  ---------------------------
      CASSCF calculation     
  ---------------------------

    * nstate   :      3
    * nclosed  :     15
    * nact     :      6
    * nvirt    :    190
  === CASSCF iteration (tzvpp) ===

    * Using the second-order algorithm

      0  0      -228.72580602     2.95e-03      0.02
      0  1      -228.43160376     0.00e+00      0.02
      0  2      -228.36958209     0.00e+00      0.02

         res : 6.94e-02   lamb: 1.00e+00   eps : -8.91e-03   step: 6.86e-01    0.02
         res : 2.79e-02   lamb: 1.00e+00   eps : -1.33e-02   step: 2.99e-01    0.02
         res : 9.57e-03   lamb: 1.00e+00   eps : -1.36e-02   step: 2.89e-01    0.02
         res : 2.02e-03   lamb: 1.00e+00   eps : -1.36e-02   step: 2.83e-01    0.02
         res : 8.18e-04   lamb: 1.00e+00   eps : -1.36e-02   step: 2.84e-01    0.02
         res : 2.35e-04   lamb: 1.00e+00   eps : -1.36e-02   step: 2.85e-01    0.02
         res : 4.75e-05   lamb: 1.00e+00   eps : -1.36e-02   step: 2.85e-01    0.02
         res : 1.95e-05   lamb: 1.00e+00   eps : -1.36e-02   step: 2.85e-01    0.02

      1  0      -228.72415960     5.05e-04      0.33
      1  1      -228.43982949     0.00e+00      0.33
      1  2      -228.38994682     0.00e+00      0.33

         res : 2.07e-02   lamb: 1.00e+00   eps : -3.91e-03   step: 7.61e-01    0.02
         res : 9.10e-03   lamb: 1.00e+00   eps : -4.49e-03   step: 7.73e-01    0.02
         res : 3.87e-03   lamb: 1.00e+00   eps : -4.58e-03   step: 7.64e-01    0.02
         res : 3.20e-03   lamb: 1.00e+00   eps : -4.60e-03   step: 7.78e-01    0.02
         res : 1.44e-03   lamb: 1.00e+00   eps : -4.60e-03   step: 7.90e-01    0.02
         res : 7.11e-04   lamb: 1.00e+00   eps : -4.60e-03   step: 7.93e-01    0.02
         res : 2.80e-04   lamb: 1.00e+00   eps : -4.60e-03   step: 7.93e-01    0.02
         res : 8.00e-05   lamb: 1.00e+00   eps : -4.60e-03   step: 7.93e-01    0.02
         res : 3.01e-05   lamb: 1.00e+00   eps : -4.60e-03   step: 7.93e-01    0.02

      2  0      -228.72790826     2.62e-04      0.35
      2  1      -228.44546422     0.00e+00      0.35
      2  2      -228.39488645     0.00e+00      0.35

         res : 1.22e-02   lamb: 1.00e+00   eps : -3.41e-03   step: 8.10e-01    0.02
         res : 7.81e-03   lamb: 1.00e+00   eps : -3.81e-03   step: 8.49e-01    0.02
         res : 1.17e-02   lamb: 1.00e+00   eps : -4.10e-03   step: 9.52e-01    0.02
         res : 7.30e-03   lamb: 1.04e+00   eps : -4.20e-03   step: 9.99e-01    0.02
         res : 7.31e-03   lamb: 1.05e+00   eps : -4.22e-03   step: 9.99e-01    0.02
         res : 2.51e-03   lamb: 1.05e+00   eps : -4.23e-03   step: 9.98e-01    0.02
         res : 9.23e-04   lamb: 1.05e+00   eps : -4.23e-03   step: 9.99e-01    0.02
         res : 5.01e-04   lamb: 1.05e+00   eps : -4.23e-03   step: 9.99e-01    0.02
         res : 3.04e-04   lamb: 1.05e+00   eps : -4.23e-03   step: 9.99e-01    0.02
         res : 1.01e-04   lamb: 1.05e+00   eps : -4.23e-03   step: 9.99e-01    0.03
         res : 3.24e-05   lamb: 1.05e+00   eps : -4.23e-03   step: 9.99e-01    0.03

      3  0      -228.73235235     2.05e-04      0.41
      3  1      -228.44971676     0.00e+00      0.41
      3  2      -228.40121197     0.00e+00      0.41

         res : 1.14e-02   lamb: 1.00e+00   eps : -2.53e-03   step: 5.00e-01    0.02
         res : 1.06e-02   lamb: 1.00e+00   eps : -3.04e-03   step: 6.12e-01    0.02
         res : 8.67e-03   lamb: 1.00e+00   eps : -3.18e-03   step: 6.46e-01    0.02
         res : 5.29e-03   lamb: 1.00e+00   eps : -3.21e-03   step: 6.60e-01    0.02
         res : 2.10e-03   lamb: 1.00e+00   eps : -3.22e-03   step: 6.64e-01    0.02
         res : 2.95e-03   lamb: 1.00e+00   eps : -3.22e-03   step: 6.68e-01    0.02
         res : 4.00e-03   lamb: 1.00e+00   eps : -3.23e-03   step: 6.87e-01    0.02
         res : 2.67e-03   lamb: 1.00e+00   eps : -3.24e-03   step: 7.09e-01    0.02
         res : 2.01e-03   lamb: 1.00e+00   eps : -3.25e-03   step: 7.18e-01    0.02
         res : 1.09e-02   lamb: 1.00e+00   eps : -3.26e-03   step: 7.66e-01    0.02
         res : 1.77e-03   lamb: 1.00e+00   eps : -3.24e-03   step: 7.09e-01    0.03
         res : 5.73e-04   lamb: 1.00e+00   eps : -3.24e-03   step: 7.12e-01    0.02
         res : 1.77e-04   lamb: 1.00e+00   eps : -3.24e-03   step: 7.12e-01    0.03
         res : 5.35e-05   lamb: 1.00e+00   eps : -3.24e-03   step: 7.12e-01    0.02

      4  0      -228.73523133     9.61e-05      0.49
      4  1      -228.45072791     0.00e+00      0.49
      4  2      -228.40478587     0.00e+00      0.49

         res : 1.45e-02   lamb: 1.00e+00   eps : -6.76e-04   step: 3.12e-01    0.02
         res : 1.77e-02   lamb: 1.00e+00   eps : -1.34e-03   step: 6.25e-01    0.02
         res : 1.93e-02   lamb: 1.00e+00   eps : -1.77e-03   step: 8.97e-01    0.02
         res : 1.29e-02   lamb: 1.05e+00   eps : -1.96e-03   step: 9.94e-01    0.02
         res : 5.83e-03   lamb: 1.09e+00   eps : -2.00e-03   step: 9.98e-01    0.02
         res : 2.69e-03   lamb: 1.10e+00   eps : -2.00e-03   step: 9.98e-01    0.02
         res : 8.41e-04   lamb: 1.10e+00   eps : -2.00e-03   step: 9.98e-01    0.03
         res : 7.68e-04   lamb: 1.10e+00   eps : -2.01e-03   step: 9.98e-01    0.02
         res : 1.70e-03   lamb: 1.10e+00   eps : -2.00e-03   step: 9.98e-01    0.03
         res : 4.22e-04   lamb: 1.10e+00   eps : -2.00e-03   step: 9.98e-01    0.02
         res : 1.84e-04   lamb: 1.10e+00   eps : -2.00e-03   step: 9.98e-01    0.02
         res : 6.66e-05   lamb: 1.10e+00   eps : -2.00e-03   step: 9.98e-01    0.02

      5  0      -228.73632404     2.59e-04      0.43
      5  1      -228.44987345     0.00e+00      0.43
      5  2      -228.40597585     0.00e+00      0.43

         res : 1.17e-02   lamb: 1.00e+00   eps : -1.60e-03   step: 2.41e-01    0.02
         res : 7.56e-03   lamb: 1.00e+00   eps : -1.70e-03   step: 2.58e-01    0.02
         res : 2.77e-03   lamb: 1.00e+00   eps : -1.71e-03   step: 2.62e-01    0.02
         res : 8.40e-04   lamb: 1.00e+00   eps : -1.71e-03   step: 2.64e-01    0.02
         res : 3.43e-04   lamb: 1.00e+00   eps : -1.71e-03   step: 2.65e-01    0.02
         res : 2.60e-04   lamb: 1.00e+00   eps : -1.71e-03   step: 2.65e-01    0.02
         res : 4.49e-04   lamb: 1.00e+00   eps : -1.71e-03   step: 2.65e-01    0.02
         res : 1.56e-03   lamb: 1.00e+00   eps : -1.71e-03   step: 2.65e-01    0.02
         res : 2.24e-04   lamb: 1.00e+00   eps : -1.71e-03   step: 2.65e-01    0.03
         res : 7.72e-05   lamb: 1.00e+00   eps : -1.71e-03   step: 2.65e-01    0.02
         res : 5.65e-05   lamb: 1.00e+00   eps : -1.71e-03   step: 2.65e-01    0.03
         res : 3.13e-05   lamb: 1.00e+00   eps : -1.71e-03   step: 2.65e-01    0.02
         res : 1.62e-05   lamb: 1.00e+00   eps : -1.71e-03   step: 2.65e-01    0.03

      6  0      -228.73697298     4.24e-05      0.48
      6  1      -228.45117995     0.00e+00      0.48
      6  2      -228.40693316     0.00e+00      0.48

         res : 4.36e-03   lamb: 1.00e+00   eps : -1.07e-04   step: 9.98e-02    0.02
         res : 4.78e-03   lamb: 1.00e+00   eps : -1.34e-04   step: 1.30e-01    0.02
         res : 4.29e-03   lamb: 1.00e+00   eps : -1.55e-04   step: 1.64e-01    0.02
         res : 2.57e-03   lamb: 1.00e+00   eps : -1.65e-04   step: 1.84e-01    0.02
         res : 2.44e-03   lamb: 1.00e+00   eps : -1.70e-04   step: 1.95e-01    0.02
         res : 6.60e-02   lamb: 1.00e+00   eps : -2.87e-04   step: 7.95e-01    0.02
         res : 2.49e-03   lamb: 1.00e+00   eps : -1.58e-04   step: 1.78e-01    0.02
         res : 8.07e-04   lamb: 1.00e+00   eps : -1.60e-04   step: 1.80e-01    0.02
         res : 4.01e-04   lamb: 1.00e+00   eps : -1.61e-04   step: 1.81e-01    0.02
         res : 1.87e-04   lamb: 1.00e+00   eps : -1.61e-04   step: 1.81e-01    0.02
         res : 6.22e-05   lamb: 1.00e+00   eps : -1.61e-04   step: 1.81e-01    0.02
         res : 2.00e-05   lamb: 1.00e+00   eps : -1.61e-04   step: 1.81e-01    0.02
         res : 7.69e-06   lamb: 1.00e+00   eps : -1.61e-04   step: 1.81e-01    0.02

      7  0      -228.73691318     5.12e-05      0.45
      7  1      -228.45137055     0.00e+00      0.45
      7  2      -228.40746927     0.00e+00      0.45

         res : 8.65e-03   lamb: 1.00e+00   eps : -3.75e-04   step: 2.17e-01    0.03
         res : 1.63e-02   lamb: 1.00e+00   eps : -5.71e-04   step: 3.35e-01    0.02
         res : 8.00e-03   lamb: 1.00e+00   eps : -6.85e-04   step: 4.22e-01    0.02
         res : 3.49e-03   lamb: 1.00e+00   eps : -7.21e-04   step: 4.56e-01    0.02
         res : 1.16e-02   lamb: 1.00e+00   eps : -7.57e-04   step: 5.00e-01    0.02
         res : 1.89e-04   lamb: 8.43e+00   eps : -1.49e-03   step: 1.04e-01    0.02
         res : 8.52e-05   lamb: 8.42e+00   eps : -1.52e-03   step: 1.02e-01    0.02
         res : 3.07e-05   lamb: 9.09e+00   eps : -1.54e-03   step: 9.48e-02    0.02
         res : 9.20e-03   lamb: 1.00e+00   eps : -6.47e-04   step: 4.37e-01    0.02
         res : 3.10e-03   lamb: 1.00e+00   eps : -6.80e-04   step: 4.36e-01    0.02
         res : 1.36e-03   lamb: 1.00e+00   eps : -6.83e-04   step: 4.37e-01    0.02
         res : 7.06e-04   lamb: 1.00e+00   eps : -6.84e-04   step: 4.37e-01    0.02
         res : 2.22e-04   lamb: 1.00e+00   eps : -6.84e-04   step: 4.37e-01    0.02
         res : 6.11e-05   lamb: 1.00e+00   eps : -6.84e-04   step: 4.37e-01    0.02
         res : 2.67e-05   lamb: 1.00e+00   eps : -6.84e-04   step: 4.37e-01    0.02

      8  0      -228.73756114     2.04e-04      0.49
      8  1      -228.45277927     0.00e+00      0.49
      8  2      -228.41041553     0.00e+00      0.49

         res : 2.32e-02   lamb: 1.00e+00   eps : -4.16e-03   step: 5.35e-01    0.02
         res : 3.12e-02   lamb: 1.00e+00   eps : -5.41e-03   step: 7.07e-01    0.03
         res : 1.28e-02   lamb: 1.00e+00   eps : -5.70e-03   step: 7.67e-01    0.02
         res : 3.98e-03   lamb: 1.00e+00   eps : -5.74e-03   step: 7.82e-01    0.02
         res : 2.06e-03   lamb: 1.00e+00   eps : -5.75e-03   step: 7.84e-01    0.02
         res : 1.40e-03   lamb: 1.00e+00   eps : -5.75e-03   step: 7.85e-01    0.02
         res : 9.86e-04   lamb: 1.00e+00   eps : -5.75e-03   step: 7.85e-01    0.02
         res : 6.23e-04   lamb: 1.00e+00   eps : -5.75e-03   step: 7.85e-01    0.02
         res : 3.18e-04   lamb: 1.00e+00   eps : -5.75e-03   step: 7.85e-01    0.02
         res : 1.09e-04   lamb: 1.00e+00   eps : -5.75e-03   step: 7.85e-01    0.02
         res : 4.63e-05   lamb: 1.00e+00   eps : -5.75e-03   step: 7.85e-01    0.02

      9  0      -228.74395888     4.73e-04      0.41
      9  1      -228.46059903     0.00e+00      0.41
      9  2      -228.41857882     0.00e+00      0.41

         res : 9.18e-03   lamb: 1.00e+00   eps : -1.11e-03   step: 1.24e-01    0.03
         res : 5.82e-03   lamb: 1.00e+00   eps : -1.24e-03   step: 1.51e-01    0.03
         res : 4.99e-03   lamb: 1.00e+00   eps : -1.27e-03   step: 1.70e-01    0.02
         res : 2.27e-03   lamb: 1.00e+00   eps : -1.28e-03   step: 1.77e-01    0.02
         res : 1.01e-03   lamb: 1.00e+00   eps : -1.28e-03   step: 1.81e-01    0.03
         res : 4.66e-04   lamb: 1.00e+00   eps : -1.28e-03   step: 1.83e-01    0.02
         res : 1.32e-04   lamb: 1.00e+00   eps : -1.28e-03   step: 1.83e-01    0.03
         res : 4.32e-05   lamb: 1.00e+00   eps : -1.28e-03   step: 1.83e-01    0.02
         res : 1.75e-05   lamb: 1.00e+00   eps : -1.28e-03   step: 1.83e-01    0.02

     10  0      -228.74473389     8.08e-05      0.38
     10  1      -228.46204954     0.00e+00      0.38
     10  2      -228.41854561     0.00e+00      0.38

         res : 3.56e-03   lamb: 1.00e+00   eps : -4.79e-05   step: 3.43e-02    0.02
         res : 2.15e-03   lamb: 1.00e+00   eps : -5.40e-05   step: 4.17e-02    0.02
         res : 1.48e-03   lamb: 1.00e+00   eps : -5.72e-05   step: 4.91e-02    0.02
         res : 8.22e-04   lamb: 1.00e+00   eps : -5.84e-05   step: 5.36e-02    0.02
         res : 4.56e-04   lamb: 1.00e+00   eps : -5.87e-05   step: 5.51e-02    0.02
         res : 1.50e-04   lamb: 1.00e+00   eps : -5.87e-05   step: 5.55e-02    0.02
         res : 4.49e-05   lamb: 1.00e+00   eps : -5.87e-05   step: 5.55e-02    0.02
         res : 1.79e-05   lamb: 1.00e+00   eps : -5.87e-05   step: 5.55e-02    0.02
         res : 7.19e-06   lamb: 1.00e+00   eps : -5.87e-05   step: 5.56e-02    0.02
         res : 2.79e-06   lamb: 1.00e+00   eps : -5.87e-05   step: 5.55e-02    0.02

     11  0      -228.74482070     3.49e-05      0.38
     11  1      -228.46216018     0.00e+00      0.38
     11  2      -228.41846501     0.00e+00      0.38

         res : 1.35e-03   lamb: 1.00e+00   eps : -6.46e-06   step: 1.26e-02    0.02
         res : 6.12e-04   lamb: 1.00e+00   eps : -7.09e-06   step: 1.44e-02    0.02
         res : 4.14e-04   lamb: 1.00e+00   eps : -7.34e-06   step: 1.56e-02    0.02
         res : 3.05e-04   lamb: 1.00e+00   eps : -7.45e-06   step: 1.66e-02    0.03
         res : 1.70e-04   lamb: 1.00e+00   eps : -7.48e-06   step: 1.72e-02    0.02
         res : 6.19e-05   lamb: 1.00e+00   eps : -7.49e-06   step: 1.73e-02    0.02
         res : 1.97e-05   lamb: 1.00e+00   eps : -7.49e-06   step: 1.74e-02    0.02
         res : 7.00e-06   lamb: 1.00e+00   eps : -7.49e-06   step: 1.74e-02    0.02
         res : 2.88e-06   lamb: 1.00e+00   eps : -7.49e-06   step: 1.74e-02    0.02
         res : 1.15e-06   lamb: 1.00e+00   eps : -7.49e-06   step: 1.74e-02    0.02

     12  0      -228.74484142     1.49e-05      0.39
     12  1      -228.46218979     0.00e+00      0.39
     12  2      -228.41843024     0.00e+00      0.39

         res : 5.74e-04   lamb: 1.00e+00   eps : -9.90e-07   step: 4.83e-03    0.02
         res : 2.34e-04   lamb: 1.00e+00   eps : -1.09e-06   step: 5.61e-03    0.02
         res : 1.60e-04   lamb: 1.00e+00   eps : -1.13e-06   step: 5.99e-03    0.02
         res : 1.24e-04   lamb: 1.00e+00   eps : -1.14e-06   step: 6.34e-03    0.02
         res : 6.66e-05   lamb: 1.00e+00   eps : -1.15e-06   step: 6.57e-03    0.02
         res : 2.65e-05   lamb: 1.00e+00   eps : -1.15e-06   step: 6.66e-03    0.02
         res : 8.55e-06   lamb: 1.00e+00   eps : -1.15e-06   step: 6.68e-03    0.02
         res : 3.05e-06   lamb: 1.00e+00   eps : -1.15e-06   step: 6.68e-03    0.03
         res : 1.32e-06   lamb: 1.00e+00   eps : -1.15e-06   step: 6.68e-03    0.02
         res : 5.20e-07   lamb: 1.00e+00   eps : -1.15e-06   step: 6.68e-03    0.02

     13  0      -228.74484786     6.22e-06      0.39
     13  1      -228.46220022     0.00e+00      0.39
     13  2      -228.41841579     0.00e+00      0.39

         res : 2.62e-04   lamb: 1.00e+00   eps : -1.74e-07   step: 2.16e-03    0.03
         res : 1.01e-04   lamb: 1.00e+00   eps : -1.94e-07   step: 2.57e-03    0.02
         res : 6.39e-05   lamb: 1.00e+00   eps : -2.00e-07   step: 2.74e-03    0.02
         res : 5.09e-05   lamb: 1.00e+00   eps : -2.03e-07   step: 2.86e-03    0.02
         res : 2.89e-05   lamb: 1.00e+00   eps : -2.04e-07   step: 2.95e-03    0.03
         res : 1.21e-05   lamb: 1.00e+00   eps : -2.04e-07   step: 2.98e-03    0.02
         res : 3.99e-06   lamb: 1.00e+00   eps : -2.04e-07   step: 2.98e-03    0.03
         res : 1.46e-06   lamb: 1.00e+00   eps : -2.04e-07   step: 2.98e-03    0.02
         res : 6.47e-07   lamb: 1.00e+00   eps : -2.04e-07   step: 2.98e-03    0.02
         res : 2.60e-07   lamb: 1.00e+00   eps : -2.04e-07   step: 2.98e-03    0.02

     14  0      -228.74485018     2.81e-06      0.39
     14  1      -228.46220419     0.00e+00      0.39
     14  2      -228.41841003     0.00e+00      0.39

         res : 2.28e-04   lamb: 1.00e+00   eps : -2.93e-07   step: 4.76e-03    0.02
         res : 1.14e-04   lamb: 1.00e+00   eps : -3.19e-07   step: 5.20e-03    0.02
         res : 3.88e-05   lamb: 1.00e+00   eps : -3.23e-07   step: 5.24e-03    0.02
         res : 1.75e-05   lamb: 1.00e+00   eps : -3.23e-07   step: 5.26e-03    0.02
         res : 1.72e-05   lamb: 1.00e+00   eps : -3.23e-07   step: 5.27e-03    0.02
         res : 9.95e-06   lamb: 1.00e+00   eps : -3.23e-07   step: 5.27e-03    0.02
         res : 3.96e-06   lamb: 1.00e+00   eps : -3.23e-07   step: 5.27e-03    0.02
         res : 1.41e-06   lamb: 1.00e+00   eps : -3.23e-07   step: 5.27e-03    0.02
         res : 5.66e-07   lamb: 1.00e+00   eps : -3.23e-07   step: 5.27e-03    0.02
         res : 3.89e-07   lamb: 1.00e+00   eps : -3.23e-07   step: 5.28e-03    0.02

     15  0      -228.74485169     4.26e-06      0.38
     15  1      -228.46220614     0.00e+00      0.38
     15  2      -228.41840870     0.00e+00      0.38

         res : 5.57e-04   lamb: 1.00e+00   eps : -3.64e-06   step: 1.78e-02    0.02
         res : 2.41e-04   lamb: 1.00e+00   eps : -3.93e-06   step: 1.89e-02    0.02
         res : 8.52e-05   lamb: 1.00e+00   eps : -3.95e-06   step: 1.90e-02    0.02
         res : 3.19e-05   lamb: 1.00e+00   eps : -3.95e-06   step: 1.90e-02    0.03
         res : 1.24e-05   lamb: 1.00e+00   eps : -3.95e-06   step: 1.90e-02    0.03
         res : 8.79e-06   lamb: 1.00e+00   eps : -3.95e-06   step: 1.90e-02    0.03
         res : 8.99e-06   lamb: 1.00e+00   eps : -3.95e-06   step: 1.90e-02    0.02
         res : 3.61e-06   lamb: 1.00e+00   eps : -3.95e-06   step: 1.90e-02    0.02
         res : 1.40e-06   lamb: 1.00e+00   eps : -3.95e-06   step: 1.90e-02    0.02

     16  0      -228.74486092     1.51e-05      0.37
     16  1      -228.46221227     0.00e+00      0.37
     16  2      -228.41842095     0.00e+00      0.37

         res : 2.00e-03   lamb: 1.00e+00   eps : -4.88e-05   step: 6.50e-02    0.02
         res : 8.37e-04   lamb: 1.00e+00   eps : -5.26e-05   step: 6.89e-02    0.02
         res : 2.51e-04   lamb: 1.00e+00   eps : -5.28e-05   step: 6.92e-02    0.02
         res : 1.06e-04   lamb: 1.00e+00   eps : -5.28e-05   step: 6.92e-02    0.02
         res : 4.03e-05   lamb: 1.00e+00   eps : -5.28e-05   step: 6.92e-02    0.02
         res : 2.55e-05   lamb: 1.00e+00   eps : -5.28e-05   step: 6.92e-02    0.02
         res : 2.52e-05   lamb: 1.00e+00   eps : -5.28e-05   step: 6.92e-02    0.02
         res : 1.20e-05   lamb: 1.00e+00   eps : -5.28e-05   step: 6.92e-02    0.02
         res : 4.29e-06   lamb: 1.00e+00   eps : -5.28e-05   step: 6.92e-02    0.02

     17  0      -228.74498019     5.56e-05      0.35
     17  1      -228.46228637     0.00e+00      0.35
     17  2      -228.41859744     0.00e+00      0.35

         res : 7.04e-03   lamb: 1.00e+00   eps : -6.26e-04   step: 2.27e-01    0.02
         res : 2.99e-03   lamb: 1.00e+00   eps : -6.71e-04   step: 2.39e-01    0.02
         res : 8.97e-04   lamb: 1.00e+00   eps : -6.74e-04   step: 2.40e-01    0.02
         res : 3.78e-04   lamb: 1.00e+00   eps : -6.74e-04   step: 2.40e-01    0.02
         res : 1.61e-04   lamb: 1.00e+00   eps : -6.74e-04   step: 2.40e-01    0.02
         res : 1.14e-04   lamb: 1.00e+00   eps : -6.74e-04   step: 2.40e-01    0.02
         res : 1.06e-04   lamb: 1.00e+00   eps : -6.74e-04   step: 2.40e-01    0.02
         res : 4.35e-05   lamb: 1.00e+00   eps : -6.74e-04   step: 2.40e-01    0.02
         res : 2.01e-05   lamb: 1.00e+00   eps : -6.74e-04   step: 2.40e-01    0.02

     18  0      -228.74648874     2.15e-04      0.36
     18  1      -228.46320384     0.00e+00      0.36
     18  2      -228.42088584     0.00e+00      0.36

         res : 1.91e-02   lamb: 1.00e+00   eps : -5.85e-03   step: 5.63e-01    0.02
         res : 9.07e-03   lamb: 1.00e+00   eps : -6.15e-03   step: 5.80e-01    0.02
         res : 2.89e-03   lamb: 1.00e+00   eps : -6.16e-03   step: 5.82e-01    0.02
         res : 1.22e-03   lamb: 1.00e+00   eps : -6.16e-03   step: 5.82e-01    0.02
         res : 5.30e-04   lamb: 1.00e+00   eps : -6.16e-03   step: 5.82e-01    0.02
         res : 3.15e-04   lamb: 1.00e+00   eps : -6.16e-03   step: 5.82e-01    0.03
         res : 2.32e-04   lamb: 1.00e+00   eps : -6.16e-03   step: 5.82e-01    0.02
         res : 1.59e-04   lamb: 1.00e+00   eps : -6.16e-03   step: 5.82e-01    0.02
         res : 9.81e-05   lamb: 1.00e+00   eps : -6.16e-03   step: 5.82e-01    0.02
         res : 5.79e-05   lamb: 1.00e+00   eps : -6.16e-03   step: 5.82e-01    0.02

     19  0      -228.75850825     9.09e-04      0.38
     19  1      -228.46956005     0.00e+00      0.38
     19  2      -228.44340155     0.00e+00      0.38

         res : 3.34e-02   lamb: 1.00e+00   eps : -2.11e-02   step: 5.16e-01    0.02
         res : 1.42e-02   lamb: 1.00e+00   eps : -2.22e-02   step: 5.60e-01    0.02
         res : 5.76e-03   lamb: 1.00e+00   eps : -2.23e-02   step: 5.65e-01    0.02
         res : 2.11e-03   lamb: 1.00e+00   eps : -2.23e-02   step: 5.67e-01    0.02
         res : 8.37e-04   lamb: 1.00e+00   eps : -2.23e-02   step: 5.67e-01    0.03
         res : 3.72e-04   lamb: 1.00e+00   eps : -2.23e-02   step: 5.68e-01    0.02
         res : 1.56e-04   lamb: 1.00e+00   eps : -2.23e-02   step: 5.68e-01    0.02
         res : 7.86e-05   lamb: 1.00e+00   eps : -2.23e-02   step: 5.67e-01    0.02
         res : 6.68e-05   lamb: 1.00e+00   eps : -2.23e-02   step: 5.67e-01    0.02
         res : 5.00e-05   lamb: 1.00e+00   eps : -2.23e-02   step: 5.67e-01    0.02

     20  0      -228.77532152     1.11e-03      0.38
     20  1      -228.50039537     0.00e+00      0.38
     20  2      -228.47422071     0.00e+00      0.38

         res : 3.40e-02   lamb: 1.00e+00   eps : -6.16e-03   step: 1.42e-01    0.03
         res : 1.05e-02   lamb: 1.00e+00   eps : -6.95e-03   step: 1.69e-01    0.02
         res : 5.53e-03   lamb: 1.00e+00   eps : -7.08e-03   step: 1.80e-01    0.03
         res : 3.24e-03   lamb: 1.00e+00   eps : -7.11e-03   step: 1.82e-01    0.03
         res : 1.33e-03   lamb: 1.00e+00   eps : -7.11e-03   step: 1.83e-01    0.02
         res : 5.38e-04   lamb: 1.00e+00   eps : -7.12e-03   step: 1.82e-01    0.02
         res : 3.86e-04   lamb: 1.00e+00   eps : -7.12e-03   step: 1.82e-01    0.02
         res : 2.32e-04   lamb: 1.00e+00   eps : -7.12e-03   step: 1.82e-01    0.02
         res : 1.57e-04   lamb: 1.00e+00   eps : -7.12e-03   step: 1.82e-01    0.02
         res : 8.47e-05   lamb: 1.00e+00   eps : -7.12e-03   step: 1.82e-01    0.02
         res : 5.25e-05   lamb: 1.00e+00   eps : -7.12e-03   step: 1.82e-01    0.02
         res : 1.93e-05   lamb: 1.00e+00   eps : -7.12e-03   step: 1.82e-01    0.02
         res : 6.81e-06   lamb: 1.00e+00   eps : -7.12e-03   step: 1.82e-01    0.02

     21  0      -228.77665225     3.54e-04      0.46
     21  1      -228.51651323     0.00e+00      0.46
     21  2      -228.47060745     0.00e+00      0.46

         res : 1.20e-02   lamb: 1.00e+00   eps : -3.18e-04   step: 2.65e-02    0.03
         res : 2.46e-03   lamb: 1.00e+00   eps : -3.48e-04   step: 3.28e-02    0.03
         res : 9.65e-04   lamb: 1.00e+00   eps : -3.50e-04   step: 3.39e-02    0.02
         res : 3.64e-04   lamb: 1.00e+00   eps : -3.51e-04   step: 3.40e-02    0.02
         res : 1.72e-04   lamb: 1.00e+00   eps : -3.51e-04   step: 3.40e-02    0.02
         res : 8.94e-05   lamb: 1.00e+00   eps : -3.51e-04   step: 3.39e-02    0.02
         res : 3.98e-05   lamb: 1.00e+00   eps : -3.51e-04   step: 3.40e-02    0.02
         res : 2.16e-05   lamb: 1.00e+00   eps : -3.51e-04   step: 3.40e-02    0.03
         res : 1.24e-05   lamb: 1.00e+00   eps : -3.51e-04   step: 3.40e-02    0.02
         res : 6.99e-06   lamb: 1.00e+00   eps : -3.51e-04   step: 3.40e-02    0.03
         res : 4.69e-06   lamb: 1.00e+00   eps : -3.51e-04   step: 3.40e-02    0.02
         res : 2.54e-06   lamb: 1.00e+00   eps : -3.51e-04   step: 3.40e-02    0.02

     22  0      -228.77653304     1.02e-04      0.45
     22  1      -228.51834036     0.00e+00      0.45
     22  2      -228.46954098     0.00e+00      0.45

         res : 2.87e-03   lamb: 1.00e+00   eps : -1.47e-05   step: 4.71e-03    0.02
         res : 6.44e-04   lamb: 1.00e+00   eps : -1.65e-05   step: 6.49e-03    0.02
         res : 2.78e-04   lamb: 1.00e+00   eps : -1.66e-05   step: 6.72e-03    0.03
         res : 1.05e-04   lamb: 1.00e+00   eps : -1.66e-05   step: 6.73e-03    0.02
         res : 4.60e-05   lamb: 1.00e+00   eps : -1.66e-05   step: 6.72e-03    0.03
         res : 1.90e-05   lamb: 1.00e+00   eps : -1.66e-05   step: 6.72e-03    0.02
         res : 6.86e-06   lamb: 1.00e+00   eps : -1.66e-05   step: 6.72e-03    0.02
         res : 2.81e-06   lamb: 1.00e+00   eps : -1.66e-05   step: 6.72e-03    0.02
         res : 1.52e-06   lamb: 1.00e+00   eps : -1.66e-05   step: 6.72e-03    0.02
         res : 8.31e-07   lamb: 1.00e+00   eps : -1.66e-05   step: 6.72e-03    0.03
         res : 4.69e-07   lamb: 1.00e+00   eps : -1.66e-05   step: 6.72e-03    0.02

     23  0      -228.77649465     2.87e-05      0.42
     23  1      -228.51862083     0.00e+00      0.42
     23  2      -228.46932973     0.00e+00      0.42

         res : 6.82e-04   lamb: 1.00e+00   eps : -8.42e-07   step: 9.57e-04    0.02
         res : 1.75e-04   lamb: 1.00e+00   eps : -9.48e-07   step: 1.40e-03    0.02
         res : 7.34e-05   lamb: 1.00e+00   eps : -9.55e-07   step: 1.46e-03    0.02
         res : 2.99e-05   lamb: 1.00e+00   eps : -9.56e-07   step: 1.46e-03    0.02
         res : 1.28e-05   lamb: 1.00e+00   eps : -9.57e-07   step: 1.46e-03    0.02
         res : 5.18e-06   lamb: 1.00e+00   eps : -9.57e-07   step: 1.45e-03    0.02
         res : 1.82e-06   lamb: 1.00e+00   eps : -9.57e-07   step: 1.45e-03    0.02
         res : 7.78e-07   lamb: 1.00e+00   eps : -9.57e-07   step: 1.45e-03    0.03
         res : 4.06e-07   lamb: 1.00e+00   eps : -9.57e-07   step: 1.45e-03    0.03
         res : 1.82e-07   lamb: 1.00e+00   eps : -9.57e-07   step: 1.45e-03    0.03
         res : 1.08e-07   lamb: 1.00e+00   eps : -9.57e-07   step: 1.45e-03    0.02

     24  0      -228.77648742     7.92e-06      0.42
     24  1      -228.51867706     0.00e+00      0.42
     24  2      -228.46928252     0.00e+00      0.42

         res : 1.73e-04   lamb: 1.00e+00   eps : -5.52e-08   step: 2.19e-04    0.02
         res : 4.73e-05   lamb: 1.00e+00   eps : -6.18e-08   step: 3.26e-04    0.02
         res : 1.96e-05   lamb: 1.00e+00   eps : -6.23e-08   step: 3.40e-04    0.02
         res : 8.35e-06   lamb: 1.00e+00   eps : -6.24e-08   step: 3.41e-04    0.02
         res : 3.52e-06   lamb: 1.00e+00   eps : -6.24e-08   step: 3.40e-04    0.03
         res : 1.41e-06   lamb: 1.00e+00   eps : -6.24e-08   step: 3.39e-04    0.02
         res : 4.95e-07   lamb: 1.00e+00   eps : -6.24e-08   step: 3.39e-04    0.02
         res : 2.27e-07   lamb: 1.00e+00   eps : -6.24e-08   step: 3.39e-04    0.02
         res : 1.21e-07   lamb: 1.00e+00   eps : -6.24e-08   step: 3.39e-04    0.02
         res : 5.88e-08   lamb: 1.00e+00   eps : -6.24e-08   step: 3.39e-04    0.02
         res : 3.72e-08   lamb: 1.00e+00   eps : -6.24e-08   step: 3.39e-04    0.02
         res : 2.12e-08   lamb: 1.00e+00   eps : -6.24e-08   step: 3.39e-04    0.02

     25  0      -228.77648629     2.16e-06      0.43
     25  1      -228.51868984     0.00e+00      0.43
     25  2      -228.46927100     0.00e+00      0.43

         res : 4.53e-05   lamb: 1.00e+00   eps : -3.83e-09   step: 5.39e-05    0.02
         res : 1.28e-05   lamb: 1.00e+00   eps : -4.27e-09   step: 8.02e-05    0.02
         res : 5.31e-06   lamb: 1.00e+00   eps : -4.30e-09   step: 8.40e-05    0.02
         res : 2.30e-06   lamb: 1.00e+00   eps : -4.31e-09   step: 8.42e-05    0.02
         res : 9.56e-07   lamb: 1.00e+00   eps : -4.31e-09   step: 8.38e-05    0.02
         res : 3.84e-07   lamb: 1.00e+00   eps : -4.31e-09   step: 8.36e-05    0.02
         res : 1.41e-07   lamb: 1.00e+00   eps : -4.31e-09   step: 8.36e-05    0.02
         res : 7.24e-08   lamb: 1.00e+00   eps : -4.31e-09   step: 8.36e-05    0.03
         res : 4.05e-08   lamb: 1.00e+00   eps : -4.31e-09   step: 8.36e-05    0.03
         res : 2.02e-08   lamb: 1.00e+00   eps : -4.31e-09   step: 8.36e-05    0.02
         res : 1.32e-08   lamb: 1.00e+00   eps : -4.31e-09   step: 8.36e-05    0.02
         res : 7.16e-09   lamb: 1.00e+00   eps : -4.31e-09   step: 8.36e-05    0.02

     26  0      -228.77648613     5.87e-07      0.44
     26  1      -228.51869292     0.00e+00      0.44
     26  2      -228.46926808     0.00e+00      0.44

         res : 1.21e-05   lamb: 1.00e+00   eps : -2.72e-10   step: 1.39e-05    0.02
         res : 3.46e-06   lamb: 1.00e+00   eps : -3.03e-10   step: 2.06e-05    0.02
         res : 1.46e-06   lamb: 1.00e+00   eps : -3.06e-10   step: 2.16e-05    0.02
         res : 6.32e-07   lamb: 1.00e+00   eps : -3.06e-10   step: 2.16e-05    0.02
         res : 2.61e-07   lamb: 1.00e+00   eps : -3.06e-10   step: 2.15e-05    0.02
         res : 1.06e-07   lamb: 1.00e+00   eps : -3.06e-10   step: 2.14e-05    0.02
         res : 4.31e-08   lamb: 1.00e+00   eps : -3.06e-10   step: 2.14e-05    0.02
         res : 2.55e-08   lamb: 1.00e+00   eps : -3.06e-10   step: 2.14e-05    0.03
         res : 1.43e-08   lamb: 1.00e+00   eps : -3.06e-10   step: 2.14e-05    0.02
         res : 7.11e-09   lamb: 1.00e+00   eps : -3.06e-10   step: 2.14e-05    0.03
         res : 4.45e-09   lamb: 1.00e+00   eps : -3.06e-10   step: 2.14e-05    0.02

     27  0      -228.77648611     1.59e-07      0.42
     27  1      -228.51869369     0.00e+00      0.42
     27  2      -228.46926733     0.00e+00      0.42

         res : 3.26e-06   lamb: 1.00e+00   eps : -1.97e-11   step: 3.70e-06    0.02
         res : 9.45e-07   lamb: 1.00e+00   eps : -2.19e-11   step: 5.47e-06    0.02
         res : 4.08e-07   lamb: 1.00e+00   eps : -2.21e-11   step: 5.73e-06    0.02
         res : 1.74e-07   lamb: 1.00e+00   eps : -2.22e-11   step: 5.73e-06    0.02
         res : 7.21e-08   lamb: 1.00e+00   eps : -2.22e-11   step: 5.70e-06    0.03
         res : 3.07e-08   lamb: 1.00e+00   eps : -2.22e-11   step: 5.69e-06    0.02
         res : 1.46e-08   lamb: 1.00e+00   eps : -2.22e-11   step: 5.68e-06    0.02
         res : 9.33e-09   lamb: 1.00e+00   eps : -2.22e-11   step: 5.69e-06    0.02
         res : 4.92e-09   lamb: 1.00e+00   eps : -2.22e-11   step: 5.69e-06    0.02

     28  0      -228.77648611     4.29e-08      0.37
     28  1      -228.51869389     0.00e+00      0.37
     28  2      -228.46926713     0.00e+00      0.37

         res : 8.97e-07   lamb: 1.00e+00   eps : -1.46e-12   step: 1.02e-06    0.03
         res : 2.64e-07   lamb: 1.00e+00   eps : -1.63e-12   step: 1.52e-06    0.03
         res : 1.18e-07   lamb: 1.00e+00   eps : -1.65e-12   step: 1.58e-06    0.02
         res : 4.87e-08   lamb: 1.00e+00   eps : -1.65e-12   step: 1.58e-06    0.02
         res : 2.07e-08   lamb: 1.00e+00   eps : -1.65e-12   step: 1.57e-06    0.02
         res : 9.76e-09   lamb: 1.00e+00   eps : -1.65e-12   step: 1.57e-06    0.02
         res : 5.60e-09   lamb: 1.00e+00   eps : -1.65e-12   step: 1.57e-06    0.02
         res : 3.40e-09   lamb: 1.00e+00   eps : -1.65e-12   step: 1.57e-06    0.02

     29  0      -228.77648611     1.16e-08      0.35
     29  1      -228.51869394     0.00e+00      0.35
     29  2      -228.46926708     0.00e+00      0.35

         res : 2.55e-07   lamb: 1.00e+00   eps : -1.13e-13   step: 3.01e-07    0.02
         res : 7.64e-08   lamb: 1.00e+00   eps : -1.28e-13   step: 4.47e-07    0.02
         res : 3.58e-08   lamb: 1.00e+00   eps : -1.29e-13   step: 4.63e-07    0.02
         res : 1.40e-08   lamb: 1.00e+00   eps : -1.29e-13   step: 4.60e-07    0.03
         res : 6.35e-09   lamb: 1.00e+00   eps : -1.29e-13   step: 4.58e-07    0.03
         res : 3.48e-09   lamb: 1.00e+00   eps : -1.29e-13   step: 4.58e-07    0.03

     30  0      -228.77648611     3.20e-09      0.30
     30  1      -228.51869395     0.00e+00      0.30
     30  2      -228.46926707     0.00e+00      0.30

    * Second-order optimization converged. *   

    * Integral transformation done. Elapsed time: 0.02

     guess   0:   closed 111...               open ......              
     guess   1:   closed 11....               open ..11..              
     guess   2:   closed 1.1...               open .1.1..              

  === FCI iteration ===

      0  0      -228.71437512     1.34e-02      0.00
      0  1      -228.41918541     1.37e-02      0.00
      0  2      -228.34612416     1.49e-02      0.00

      1  0      -228.77200214     4.01e-03      0.00
      1  1      -228.46087052     5.91e-03      0.00
      1  2      -228.45873131     9.73e-03      0.00

      2  0      -228.77620732     1.09e-03      0.00
      2  1      -228.49957213     5.95e-03      0.00
      2  2      -228.46890150     1.17e-03      0.00

      3  0      -228.77647746     2.06e-04      0.00
      3  1      -228.51605141     2.99e-03      0.00
      3  2      -228.46922880     2.40e-04      0.00

      4  0      -228.77648584     3.09e-05      0.00
      4  1      -228.51853697     6.85e-04      0.00
      4  2      -228.46926184     1.28e-04      0.00

      5  0      -228.77648610     6.98e-06      0.00
      5  1      -228.51868417     1.90e-04      0.00
      5  2      -228.46926670     2.94e-05      0.00

      6  0      -228.77648611     1.03e-06      0.00
      6  1      -228.51869357     3.53e-05      0.00
      6  2      -228.46926706     4.79e-06      0.00

      7  0      -228.77648611     1.18e-07      0.00
      7  1      -228.51869395     5.67e-06      0.00
      7  2      -228.46926707     1.28e-06      0.00

      8  0      -228.77648611     1.40e-08      0.00
      8  1      -228.51869395     7.44e-07      0.00
      8  2      -228.46926707     2.90e-07      0.00

      9  0      -228.77648611     2.27e-09      0.00
      9  1      -228.51869395     1.27e-07      0.00
      9  2      -228.46926707     5.73e-08      0.00

     10  0      -228.77648611     2.33e-10      0.00
     10  1      -228.51869395     2.02e-08      0.00
     10  2      -228.46926707     7.93e-09      0.00

     11  0 *    -228.77648611     2.06e-11      0.00
     11  1      -228.51869395     2.45e-09      0.00
     11  2      -228.46926707     1.70e-09      0.00

     12  0 *    -228.77648611     1.83e-11      0.00
     12  1      -228.51869395     2.98e-10      0.00
     12  2      -228.46926707     2.60e-10      0.00

     13  0 *    -228.77648611     1.79e-11      0.00
     13  1 *    -228.51869395     3.48e-11      0.00
     13  2 *    -228.46926707     4.66e-11      0.00

     * ci vector, state   0, <S^2> = -0.0000
       222...    -0.9613221464
       22.2..     0.1406823143
       2abba.     0.0901037804
       2baab.     0.0901037804
       2.2.2.     0.0790738924
       .22..2     0.0733319729
       22..2.     0.0691249679
       2.22..     0.0571837217

     * ci vector, state   1, <S^2> = -0.0000
       2a2b..    -0.4492622642
       2b2a..    -0.4492622642
       22b.a.     0.3920507007
       22a.b.     0.3920507007
       22.2..     0.3304532493
       2.22..    -0.1926509230
       22..2.    -0.1884658402
       2abab.    -0.1457187170
       2baba.    -0.1457187170
       2.2.2.     0.1284269150
       2abba.    -0.0859122702
       2baab.    -0.0859122702
       2aabb.    -0.0598064468
       2bbaa.    -0.0598064468
       2a.b2.    -0.0512853077
       2b.a2.    -0.0512853077

     * ci vector, state   2, <S^2> = -0.0000
       22ab..     0.6911397018
       22ba..     0.6911397018
       22.ab.     0.0739315563
       22.ba.     0.0739315563
       2ab2..    -0.0596325035
       2ba2..    -0.0596325035
       .2ab.2    -0.0500498685
       .2ba.2    -0.0500498685

    * METHOD: CASSCF                              12.71


    * METHOD: SAVE_REF                             0.00

  ---------------------------
      CASSCF calculation     
  ---------------------------

    * nstate   :      3
    * nclosed  :     15
    * nact     :      6
    * nvirt    :    190
  === CASSCF iteration (tzvpp) ===

    * Using the second-order algorithm

      0  0      -228.45245507     8.99e-03      0.02
      0  1      -228.37626576     0.00e+00      0.02
      0  2      -228.22238498     0.00e+00      0.02

         res : 1.04e-01   lamb: 1.00e+00   eps : -5.91e-02   step: 1.77e-01    0.02
         res : 2.30e-02   lamb: 1.00e+00   eps : -6.08e-02   step: 1.89e-01    0.02
         res : 4.96e-03   lamb: 1.00e+00   eps : -6.09e-02   step: 1.86e-01    0.02
         res : 2.07e-03   lamb: 1.00e+00   eps : -6.09e-02   step: 1.85e-01    0.02
         res : 5.34e-04   lamb: 1.00e+00   eps : -6.09e-02   step: 1.85e-01    0.02
         res : 1.30e-04   lamb: 1.00e+00   eps : -6.09e-02   step: 1.85e-01    0.02
         res : 3.75e-05   lamb: 1.00e+00   eps : -6.09e-02   step: 1.85e-01    0.02
         res : 8.51e-06   lamb: 1.00e+00   eps : -6.09e-02   step: 1.85e-01    0.02

      1  0      -228.48143693     3.77e-04      0.33
      1  1      -228.40763596     0.00e+00      0.33
      1  2      -228.25810921     0.00e+00      0.33

         res : 1.58e-02   lamb: 1.00e+00   eps : -7.61e-04   step: 6.23e-02    0.02
         res : 3.55e-03   lamb: 1.00e+00   eps : -8.06e-04   step: 7.01e-02    0.02
         res : 9.75e-04   lamb: 1.00e+00   eps : -8.11e-04   step: 7.05e-02    0.03
         res : 5.59e-04   lamb: 1.00e+00   eps : -8.11e-04   step: 7.09e-02    0.02
         res : 2.35e-04   lamb: 1.00e+00   eps : -8.11e-04   step: 7.10e-02    0.03
         res : 6.13e-05   lamb: 1.00e+00   eps : -8.12e-04   step: 7.11e-02    0.02
         res : 1.43e-05   lamb: 1.00e+00   eps : -8.12e-04   step: 7.11e-02    0.02
         res : 4.67e-06   lamb: 1.00e+00   eps : -8.12e-04   step: 7.11e-02    0.02

      2  0      -228.48223516     2.50e-05      0.34
      2  1      -228.40859906     0.00e+00      0.34
      2  2      -228.25761421     0.00e+00      0.34

         res : 8.60e-04   lamb: 1.00e+00   eps : -4.19e-06   step: 5.03e-03    0.02
         res : 2.91e-04   lamb: 1.00e+00   eps : -4.31e-06   step: 5.31e-03    0.02
         res : 7.69e-05   lamb: 1.00e+00   eps : -4.32e-06   step: 5.34e-03    0.02
         res : 1.71e-05   lamb: 1.00e+00   eps : -4.33e-06   step: 5.34e-03    0.03
         res : 5.08e-06   lamb: 1.00e+00   eps : -4.33e-06   step: 5.34e-03    0.02
         res : 2.12e-06   lamb: 1.00e+00   eps : -4.33e-06   step: 5.34e-03    0.02
         res : 7.05e-07   lamb: 1.00e+00   eps : -4.33e-06   step: 5.34e-03    0.02
         res : 2.32e-07   lamb: 1.00e+00   eps : -4.33e-06   step: 5.34e-03    0.02

      3  0      -228.48226748     3.76e-06      0.34
      3  1      -228.40861280     0.00e+00      0.34
      3  2      -228.25757561     0.00e+00      0.34

         res : 1.27e-04   lamb: 1.00e+00   eps : -1.02e-07   step: 7.73e-04    0.03
         res : 4.38e-05   lamb: 1.00e+00   eps : -1.05e-07   step: 8.09e-04    0.03
         res : 1.01e-05   lamb: 1.00e+00   eps : -1.05e-07   step: 8.15e-04    0.03
         res : 2.37e-06   lamb: 1.00e+00   eps : -1.05e-07   step: 8.16e-04    0.02
         res : 5.38e-07   lamb: 1.00e+00   eps : -1.05e-07   step: 8.16e-04    0.02
         res : 1.61e-07   lamb: 1.00e+00   eps : -1.05e-07   step: 8.16e-04    0.03
         res : 4.95e-08   lamb: 1.00e+00   eps : -1.05e-07   step: 8.16e-04    0.02

      4  0      -228.48227113     5.46e-07      0.32
      4  1      -228.40861323     0.00e+00      0.32
      4  2      -228.25757171     0.00e+00      0.32

         res : 1.79e-05   lamb: 1.00e+00   eps : -2.70e-09   step: 1.28e-04    0.02
         res : 6.97e-06   lamb: 1.00e+00   eps : -2.76e-09   step: 1.33e-04    0.02
         res : 1.17e-06   lamb: 1.00e+00   eps : -2.77e-09   step: 1.34e-04    0.03
         res : 3.57e-07   lamb: 1.00e+00   eps : -2.77e-09   step: 1.34e-04    0.03
         res : 8.36e-08   lamb: 1.00e+00   eps : -2.77e-09   step: 1.34e-04    0.03
         res : 2.71e-08   lamb: 1.00e+00   eps : -2.77e-09   step: 1.34e-04    0.02
         res : 8.44e-09   lamb: 1.00e+00   eps : -2.77e-09   step: 1.34e-04    0.02

      5  0      -228.48227171     8.51e-08      0.32
      5  1      -228.40861313     0.00e+00      0.32
      5  2      -228.25757124     0.00e+00      0.32

         res : 2.43e-06   lamb: 1.00e+00   eps : -7.42e-11   step: 2.15e-05    0.02
         res : 1.16e-06   lamb: 1.00e+00   eps : -7.55e-11   step: 2.21e-05    0.02
         res : 1.61e-07   lamb: 1.00e+00   eps : -7.57e-11   step: 2.22e-05    0.02
         res : 4.57e-08   lamb: 1.00e+00   eps : -7.57e-11   step: 2.23e-05    0.02
         res : 1.21e-08   lamb: 1.00e+00   eps : -7.57e-11   step: 2.23e-05    0.02
         res : 4.05e-09   lamb: 1.00e+00   eps : -7.57e-11   step: 2.23e-05    0.02

      6  0      -228.48227181     1.66e-08      0.29
      6  1      -228.40861308     0.00e+00      0.29
      6  2      -228.25757120     0.00e+00      0.29

         res : 4.08e-07   lamb: 1.00e+00   eps : -2.14e-12   step: 3.60e-06    0.02
         res : 1.72e-07   lamb: 1.00e+00   eps : -2.18e-12   step: 3.74e-06    0.03
         res : 4.90e-08   lamb: 1.00e+00   eps : -2.19e-12   step: 3.76e-06    0.03
         res : 9.57e-09   lamb: 1.00e+00   eps : -2.19e-12   step: 3.76e-06    0.03
         res : 1.83e-09   lamb: 1.00e+00   eps : -2.19e-12   step: 3.76e-06    0.02

      7  0      -228.48227183     3.94e-09      0.27
      7  1      -228.40861306     0.00e+00      0.27
      7  2      -228.25757120     0.00e+00      0.27

    * Second-order optimization converged. *   

    * Integral transformation done. Elapsed time: 0.02

     guess   0:   closed 11....               open ..1...              
     guess   1:   closed 1.1...               open .1....              
     guess   2:   closed 11....               open ...1..              

  === FCI iteration ===

      0  0      -228.42139134     1.62e-02      0.00
      0  1      -228.35036629     1.49e-02      0.00
      0  2      -228.16616652     1.83e-02      0.00

      1  0      -228.47745633     4.99e-03      0.00
      1  1      -228.40490325     4.49e-03      0.00
      1  2      -228.24419022     7.46e-03      0.00

      2  0      -228.48180349     1.52e-03      0.00
      2  1      -228.40845676     8.47e-04      0.00
      2  2      -228.25625873     2.14e-03      0.00

      3  0      -228.48223776     3.38e-04      0.00
      3  1      -228.40860510     1.97e-04      0.00
      3  2      -228.25740020     7.42e-04      0.00

      4  0      -228.48226928     9.69e-05      0.00
      4  1      -228.40861261     4.59e-05      0.00
      4  2      -228.25756026     2.09e-04      0.00

      5  0      -228.48227168     2.45e-05      0.00
      5  1      -228.40861304     1.03e-05      0.00
      5  2      -228.25757093     3.30e-05      0.00

      6  0      -228.48227182     6.14e-06      0.00
      6  1      -228.40861306     2.21e-06      0.00
      6  2      -228.25757119     4.65e-06      0.00

      7  0      -228.48227182     1.81e-06      0.00
      7  1      -228.40861306     4.41e-07      0.00
      7  2      -228.25757120     8.61e-07      0.00

      8  0      -228.48227183     4.46e-07      0.00
      8  1      -228.40861306     6.84e-08      0.00
      8  2      -228.25757120     1.46e-07      0.00

      9  0      -228.48227183     8.92e-08      0.00
      9  1      -228.40861306     1.08e-08      0.00
      9  2      -228.25757120     2.50e-08      0.00

     10  0      -228.48227183     1.61e-08      0.00
     10  1      -228.40861306     1.57e-09      0.00
     10  2      -228.25757120     3.47e-09      0.00

     11  0      -228.48227183     3.04e-09      0.00
     11  1      -228.40861306     2.55e-10      0.00
     11  2      -228.25757120     3.34e-10      0.00

     12  0      -228.48227183     5.24e-10      0.00
     12  1 *    -228.40861306     2.09e-11      0.00
     12  2 *    -228.25757120     4.10e-11      0.00

     13  0 *    -228.48227183     9.82e-11      0.00
     13  1 *    -228.40861306     2.09e-11      0.00
     13  2 *    -228.25757120     4.10e-11      0.00

     * ci vector, state   0, <S^2> = 0.7500
       22a...    -0.9662437434
       22..a.     0.1109835745
       2aba..     0.0844702157
       2.a2..    -0.0815513721
       2.2.a.    -0.0779845333
       2.a.2.    -0.0765892717
       2baa..     0.0714491380
       .2a..2    -0.0711055969
       2a.ba.    -0.0657879241

     * ci vector, state   1, <S^2> = 0.7500
       2a2...     0.9514514579
       22.a..    -0.1550398049
       2a.2..    -0.1316462542
       2a..2.    -0.0999080083
       2ba.a.     0.0980829682
       2.2a..     0.0902519278
       .a2..2     0.0725710656
       2.aab.    -0.0610159779
       2ab.a.     0.0527844088
       b2a..a     0.0517561967

     * ci vector, state   2, <S^2> = 0.7500
       22.a..    -0.9076009621
       2.2a..     0.2295100449
       2ab.a.    -0.2062531816
       2a2...    -0.1409093659
       2aa.b.    -0.1180192725
       2.aab.     0.1061760014
       2ba.a.    -0.0882339090
       .2.a.2    -0.0666976227
       2.baa.    -0.0658979233
       2..a2.    -0.0643613879

    * METHOD: CASSCF                               2.33


    * METHOD: SAVE_REF                             0.00

  *** Dyson Orbitals ***

       - 3-index ints prep                         0.00
       - 3-index ints                              0.02
       - 2-index ints                              0.00
       - computing inverse                         0.03
 * Extracting CI coefficients from Reference object for the following states: 0 1 
 * Extracting CI coefficients from Reference object for the following states: 0 1 2 

  electrons in initial states : 3 (alpha)    3 (beta)
  electrons in final states   : 3 (alpha)    2 (beta)


  initial states I :   0   1 
  final states F   :   0   1   2 

  Norms^2 of Dyson orbitals approximately indicate the strength of an inization transitions.

    transition           ionization           Dyson
  from   -> to          energy (a.u.)         norm

    0    ->    0          0.2942143         0.9553080
    0    ->    1          0.3678731         0.9393656
    0    ->    2          0.5189149         0.2114243
    1    ->    0          0.0364221         0.4196818
    1    ->    1          0.1100809         0.5233635
    1    ->    2          0.2611228         0.3453530

    * METHOD: DYSON                                1.63


  
  ===============================================================

