  * using 24 threads per process

  ===============================================================
    BAGEL - Freshly leavened quantum chemistry                   
  ===============================================================

  *** Geometry ***

  { "atom" : "O", "xyz" : [      0.184334,      0.000000,      0.119452 ] },
  { "atom" : "C", "xyz" : [      0.335677,      0.000000,      2.649904 ] },
  { "atom" : "C", "xyz" : [      2.748361,      0.000000,      3.408530 ] },
  { "atom" : "C", "xyz" : [      4.232171,      0.000000,      1.123089 ] },
  { "atom" : "C", "xyz" : [      2.557369,      0.000000,     -0.772062 ] },
  { "atom" : "H", "xyz" : [      2.751427,      0.000000,     -2.781172 ] },
  { "atom" : "H", "xyz" : [      6.247256,      0.000000,      0.956235 ] },
  { "atom" : "H", "xyz" : [      3.415980,      0.000000,      5.317114 ] },
  { "atom" : "H", "xyz" : [     -1.420577,      0.000000,      3.644767 ] },

  Number of auxiliary basis functions:      449

  Since a DF basis is specified, we compute 2- and 3-index integrals:
    o Being stored without compression. Storage requirement is 0.029 GB
       - 3-index ints prep                         0.00
       - 3-index ints                              0.04
       - 2-index ints                              0.00
       - computing inverse                         0.09
        elapsed time:        0.13 sec.


  Number of basis functions:       90
  Number of electrons      :       36


    * METHOD: MOLECULE                             0.15

       - Overlap matrix                            0.00
       - Hcore matrix                              0.00
       - Overlap orthog                            0.00

  *** RHF ***

  === Nuclear Repulsion ===
  
   162.7184827851

      * DIIS with orbital gradients will be used.

       - SCF startup                               0.13

  === RHF iteration (svp) ===
  
      0       -228.32139687          0.01367212           0.04
      1       -228.43523861          0.00640981           0.03
      2       -228.45308619          0.00151744           0.02
      3       -228.45465025          0.00038683           0.02
      4       -228.45472957          0.00011740           0.02
      5       -228.45473820          0.00002995           0.02
      6       -228.45473922          0.00001808           0.02
      7       -228.45473959          0.00000444           0.02
      8       -228.45473963          0.00000115           0.02
      9       -228.45473963          0.00000038           0.02
     10       -228.45473963          0.00000018           0.02
     11       -228.45473963          0.00000006           0.02
     12       -228.45473963          0.00000002           0.02
     13       -228.45473963          0.00000001           0.02
  
    * SCF iteration converged.

    * Permanent dipole moment:
           (   -0.239231,    -0.000000,    -0.155319) a.u.

  ---------------------------
      CASSCF calculation     
  ---------------------------

    * nstate   :      3
    * nclosed  :     12
    * nact     :     12
    * nvirt    :     66
  === CASSCF iteration (svp) ===

    * Using the second-order algorithm

      0  0      -228.48869277     3.90e-03     17.89
      0  1      -228.20524617     0.00e+00     17.89
      0  2      -228.17168066     0.00e+00     17.89

         res : 8.77e-02   lamb: 1.00e+00   eps : -1.76e-02   step: 9.75e-01    0.01
         res : 3.62e-02   lamb: 1.00e+00   eps : -2.47e-02   step: 6.26e-01    0.01
         res : 1.44e-02   lamb: 1.00e+00   eps : -2.52e-02   step: 5.78e-01    0.01
         res : 2.25e-03   lamb: 1.00e+00   eps : -2.53e-02   step: 5.61e-01    0.01
         res : 4.78e-04   lamb: 1.00e+00   eps : -2.53e-02   step: 5.61e-01    0.01
         res : 2.14e-04   lamb: 1.00e+00   eps : -2.53e-02   step: 5.61e-01    0.01
         res : 4.92e-05   lamb: 1.00e+00   eps : -2.53e-02   step: 5.61e-01    0.01

      1  0      -228.50467011     1.20e-03     21.22
      1  1      -228.24016063     0.00e+00     21.22
      1  2      -228.18611995     0.00e+00     21.22

         res : 3.68e-02   lamb: 1.00e+00   eps : -2.39e-02   step: 9.84e-01    0.01
         res : 1.07e-02   lamb: 1.01e+00   eps : -2.61e-02   step: 1.00e+00    0.01
         res : 3.95e-03   lamb: 1.02e+00   eps : -2.62e-02   step: 1.00e+00    0.01
         res : 1.66e-03   lamb: 1.02e+00   eps : -2.62e-02   step: 9.99e-01    0.01
         res : 4.60e-04   lamb: 1.02e+00   eps : -2.62e-02   step: 9.99e-01    0.01
         res : 2.23e-04   lamb: 1.02e+00   eps : -2.62e-02   step: 9.99e-01    0.01
         res : 4.51e-05   lamb: 1.02e+00   eps : -2.62e-02   step: 9.99e-01    0.01

      2  0      -228.53835138     1.27e-03     23.49
      2  1      -228.27251007     0.00e+00     23.49
      2  2      -228.22078360     0.00e+00     23.49

         res : 3.53e-02   lamb: 1.00e+00   eps : -2.37e-02   step: 7.17e-01    0.01
         res : 1.42e-02   lamb: 1.00e+00   eps : -2.58e-02   step: 7.86e-01    0.01
         res : 6.66e-03   lamb: 1.00e+00   eps : -2.59e-02   step: 7.97e-01    0.01
         res : 2.87e-03   lamb: 1.00e+00   eps : -2.59e-02   step: 7.99e-01    0.01
         res : 5.81e-04   lamb: 1.00e+00   eps : -2.59e-02   step: 7.99e-01    0.01
         res : 1.46e-04   lamb: 1.00e+00   eps : -2.59e-02   step: 7.99e-01    0.01
         res : 4.13e-05   lamb: 1.00e+00   eps : -2.59e-02   step: 7.99e-01    0.01

      3  0      -228.56099073     5.12e-04     25.13
      3  1      -228.29474509     0.00e+00     25.13
      3  2      -228.23955211     0.00e+00     25.13

         res : 1.97e-02   lamb: 1.00e+00   eps : -4.86e-03   step: 3.27e-01    0.01
         res : 9.16e-03   lamb: 1.00e+00   eps : -5.53e-03   step: 3.78e-01    0.01
         res : 2.56e-03   lamb: 1.00e+00   eps : -5.57e-03   step: 3.83e-01    0.01
         res : 1.89e-03   lamb: 1.00e+00   eps : -5.58e-03   step: 3.84e-01    0.01
         res : 7.54e-04   lamb: 1.00e+00   eps : -5.58e-03   step: 3.85e-01    0.01
         res : 2.81e-04   lamb: 1.00e+00   eps : -5.58e-03   step: 3.85e-01    0.01
         res : 9.61e-05   lamb: 1.00e+00   eps : -5.58e-03   step: 3.85e-01    0.01
         res : 3.32e-05   lamb: 1.00e+00   eps : -5.58e-03   step: 3.85e-01    0.01

      4  0      -228.56471786     2.34e-04     24.44
      4  1      -228.29933050     0.00e+00     24.44
      4  2      -228.24126577     0.00e+00     24.44

         res : 6.93e-03   lamb: 1.00e+00   eps : -2.00e-04   step: 6.45e-02    0.01
         res : 2.97e-03   lamb: 1.00e+00   eps : -2.37e-04   step: 7.92e-02    0.01
         res : 9.12e-04   lamb: 1.00e+00   eps : -2.39e-04   step: 8.01e-02    0.01
         res : 5.14e-04   lamb: 1.00e+00   eps : -2.39e-04   step: 8.04e-02    0.01
         res : 2.71e-04   lamb: 1.00e+00   eps : -2.39e-04   step: 8.05e-02    0.01
         res : 9.60e-05   lamb: 1.00e+00   eps : -2.39e-04   step: 8.05e-02    0.01
         res : 2.43e-05   lamb: 1.00e+00   eps : -2.39e-04   step: 8.05e-02    0.01
         res : 9.17e-06   lamb: 1.00e+00   eps : -2.39e-04   step: 8.05e-02    0.01
         res : 2.70e-06   lamb: 1.00e+00   eps : -2.39e-04   step: 8.05e-02    0.01

      5  0      -228.56479091     7.30e-05     25.60
      5  1      -228.29977374     0.00e+00     25.60
      5  2      -228.24117753     0.00e+00     25.60

         res : 1.89e-03   lamb: 1.00e+00   eps : -7.73e-06   step: 1.03e-02    0.01
         res : 9.02e-04   lamb: 1.00e+00   eps : -9.37e-06   step: 1.40e-02    0.01
         res : 3.49e-04   lamb: 1.00e+00   eps : -9.57e-06   step: 1.46e-02    0.01
         res : 1.04e-04   lamb: 1.00e+00   eps : -9.59e-06   step: 1.47e-02    0.01
         res : 3.89e-05   lamb: 1.00e+00   eps : -9.59e-06   step: 1.47e-02    0.01
         res : 2.03e-05   lamb: 1.00e+00   eps : -9.59e-06   step: 1.47e-02    0.01
         res : 4.97e-06   lamb: 1.00e+00   eps : -9.59e-06   step: 1.47e-02    0.01
         res : 2.05e-06   lamb: 1.00e+00   eps : -9.59e-06   step: 1.47e-02    0.01
         res : 6.34e-07   lamb: 1.00e+00   eps : -9.59e-06   step: 1.47e-02    0.01

      6  0      -228.56476593     1.99e-05     26.25
      6  1      -228.29983375     0.00e+00     26.25
      6  2      -228.24115993     0.00e+00     26.25

         res : 4.56e-04   lamb: 1.00e+00   eps : -3.52e-07   step: 1.84e-03    0.01
         res : 2.19e-04   lamb: 1.00e+00   eps : -4.32e-07   step: 2.68e-03    0.01
         res : 9.69e-05   lamb: 1.00e+00   eps : -4.43e-07   step: 2.86e-03    0.01
         res : 2.46e-05   lamb: 1.00e+00   eps : -4.45e-07   step: 2.90e-03    0.01
         res : 8.05e-06   lamb: 1.00e+00   eps : -4.45e-07   step: 2.91e-03    0.01
         res : 4.62e-06   lamb: 1.00e+00   eps : -4.45e-07   step: 2.91e-03    0.01
         res : 1.30e-06   lamb: 1.00e+00   eps : -4.45e-07   step: 2.91e-03    0.02
         res : 5.16e-07   lamb: 1.00e+00   eps : -4.45e-07   step: 2.91e-03    0.02
         res : 1.46e-07   lamb: 1.00e+00   eps : -4.45e-07   step: 2.91e-03    0.02

      7  0      -228.56475780     5.21e-06     25.09
      7  1      -228.29984395     0.00e+00     25.09
      7  2      -228.24115867     0.00e+00     25.09

         res : 1.07e-04   lamb: 1.00e+00   eps : -1.77e-08   step: 3.47e-04    0.01
         res : 5.21e-05   lamb: 1.00e+00   eps : -2.17e-08   step: 5.34e-04    0.01
         res : 2.44e-05   lamb: 1.00e+00   eps : -2.23e-08   step: 5.82e-04    0.01
         res : 6.05e-06   lamb: 1.00e+00   eps : -2.24e-08   step: 5.95e-04    0.01
         res : 1.80e-06   lamb: 1.00e+00   eps : -2.24e-08   step: 5.99e-04    0.01
         res : 1.01e-06   lamb: 1.00e+00   eps : -2.25e-08   step: 5.99e-04    0.01
         res : 3.33e-07   lamb: 1.00e+00   eps : -2.25e-08   step: 5.99e-04    0.01
         res : 1.32e-07   lamb: 1.00e+00   eps : -2.25e-08   step: 5.99e-04    0.01
         res : 3.51e-08   lamb: 1.00e+00   eps : -2.25e-08   step: 5.99e-04    0.01

      8  0      -228.56475564     1.33e-06     25.94
      8  1      -228.29984571     0.00e+00     25.94
      8  2      -228.24115913     0.00e+00     25.94

         res : 2.55e-05   lamb: 1.00e+00   eps : -9.51e-10   step: 6.90e-05    0.01
         res : 1.23e-05   lamb: 1.00e+00   eps : -1.16e-09   step: 1.10e-04    0.01
         res : 6.01e-06   lamb: 1.00e+00   eps : -1.20e-09   step: 1.22e-04    0.01
         res : 1.50e-06   lamb: 1.00e+00   eps : -1.20e-09   step: 1.26e-04    0.01
         res : 4.22e-07   lamb: 1.00e+00   eps : -1.20e-09   step: 1.27e-04    0.01
         res : 2.19e-07   lamb: 1.00e+00   eps : -1.20e-09   step: 1.27e-04    0.01
         res : 8.31e-08   lamb: 1.00e+00   eps : -1.20e-09   step: 1.27e-04    0.01
         res : 3.35e-08   lamb: 1.00e+00   eps : -1.20e-09   step: 1.27e-04    0.01
         res : 8.68e-09   lamb: 1.00e+00   eps : -1.20e-09   step: 1.27e-04    0.01

      9  0      -228.56475508     3.36e-07     27.08
      9  1      -228.29984598     0.00e+00     27.08
      9  2      -228.24115941     0.00e+00     27.08

         res : 6.14e-06   lamb: 1.00e+00   eps : -5.38e-11   step: 1.44e-05    0.01
         res : 2.89e-06   lamb: 1.00e+00   eps : -6.53e-11   step: 2.33e-05    0.01
         res : 1.47e-06   lamb: 1.00e+00   eps : -6.73e-11   step: 2.64e-05    0.01
         res : 3.74e-07   lamb: 1.00e+00   eps : -6.76e-11   step: 2.75e-05    0.01
         res : 1.02e-07   lamb: 1.00e+00   eps : -6.76e-11   step: 2.77e-05    0.03
         res : 4.78e-08   lamb: 1.00e+00   eps : -6.76e-11   step: 2.78e-05    0.01
         res : 2.04e-08   lamb: 1.00e+00   eps : -6.76e-11   step: 2.78e-05    0.01
         res : 8.47e-09   lamb: 1.00e+00   eps : -6.76e-11   step: 2.78e-05    0.01
         res : 2.17e-09   lamb: 1.00e+00   eps : -6.76e-11   step: 2.78e-05    0.01

     10  0      -228.56475494     8.44e-08     26.18
     10  1      -228.29984602     0.00e+00     26.18
     10  2      -228.24115951     0.00e+00     26.18

         res : 1.49e-06   lamb: 1.00e+00   eps : -3.16e-12   step: 3.12e-06    0.01
         res : 6.83e-07   lamb: 1.00e+00   eps : -3.80e-12   step: 5.10e-06    0.01
         res : 3.58e-07   lamb: 1.00e+00   eps : -3.91e-12   step: 5.86e-06    0.01
         res : 9.30e-08   lamb: 1.00e+00   eps : -3.93e-12   step: 6.13e-06    0.02
         res : 2.52e-08   lamb: 1.00e+00   eps : -3.94e-12   step: 6.20e-06    0.02
         res : 1.07e-08   lamb: 1.00e+00   eps : -3.94e-12   step: 6.22e-06    0.01
         res : 4.95e-09   lamb: 1.00e+00   eps : -3.94e-12   step: 6.22e-06    0.01

     11  0      -228.56475491     2.13e-08     26.04
     11  1      -228.29984602     0.00e+00     26.04
     11  2      -228.24115955     0.00e+00     26.04

         res : 3.67e-07   lamb: 1.00e+00   eps : -1.91e-13   step: 7.04e-07    0.01
         res : 1.62e-07   lamb: 1.00e+00   eps : -2.28e-13   step: 1.15e-06    0.01
         res : 8.75e-08   lamb: 1.00e+00   eps : -2.34e-13   step: 1.33e-06    0.01
         res : 2.33e-08   lamb: 1.00e+00   eps : -2.35e-13   step: 1.40e-06    0.02
         res : 6.32e-09   lamb: 1.00e+00   eps : -2.35e-13   step: 1.42e-06    0.01
         res : 2.54e-09   lamb: 1.00e+00   eps : -2.35e-13   step: 1.42e-06    0.01

     12  0      -228.56475490     5.36e-09     25.32
     12  1      -228.29984602     0.00e+00     25.32
     12  2      -228.24115956     0.00e+00     25.32

    * Second-order optimization converged. *   

    * Integral transformation done. Elapsed time: 0.01

     guess   0:   closed 111111......         open ............        
     guess   1:   closed 11111.......         open .....11.....        
     guess   2:   closed 1111.1......         open ....1.1.....        

  === FCI iteration ===

      0  0      -228.45204289     4.32e-04      1.23
      0  1      -228.14063709     4.26e-04      0.00
      0  2      -228.07270656     4.57e-04      0.00

      1  0      -228.55238775     1.73e-04      1.18
      1  1      -228.21513439     2.28e-04      0.00
      1  2      -228.21426794     2.96e-04      0.00

      2  0      -228.56371139     5.51e-05      1.20
      2  1      -228.26496844     2.14e-04      0.00
      2  2      -228.23924212     7.60e-05      0.00

      3  0      -228.56467175     1.55e-05      1.15
      3  1      -228.29139320     1.19e-04      0.00
      3  2      -228.24102027     1.94e-05      0.00

      4  0      -228.56474686     5.52e-06      1.20
      4  1      -228.29891706     4.86e-05      0.00
      4  2      -228.24114543     6.05e-06      0.00

      5  0      -228.56475385     2.05e-06      1.21
      5  1      -228.29977396     1.56e-05      0.00
      5  2      -228.24115746     2.54e-06      0.00

      6  0      -228.56475480     6.52e-07      1.18
      6  1      -228.29983629     5.73e-06      0.00
      6  2      -228.24115910     1.20e-06      0.00

      7  0      -228.56475489     2.26e-07      1.27
      7  1      -228.29984475     1.91e-06      0.00
      7  2      -228.24115950     4.28e-07      0.00

      8  0      -228.56475490     5.86e-08      1.38
      8  1      -228.29984586     7.28e-07      0.00
      8  2      -228.24115955     1.78e-07      0.00

      9  0      -228.56475490     1.98e-08      1.30
      9  1      -228.29984600     2.61e-07      0.00
      9  2      -228.24115956     5.97e-08      0.00

     10  0      -228.56475490     6.19e-09      1.24
     10  1      -228.29984602     9.02e-08      0.00
     10  2      -228.24115956     2.27e-08      0.00

     11  0      -228.56475490     2.38e-09      1.25
     11  1      -228.29984602     3.23e-08      0.00
     11  2      -228.24115956     9.05e-09      0.00

     12  0      -228.56475490     6.33e-10      1.29
     12  1      -228.29984602     1.12e-08      0.00
     12  2      -228.24115956     4.89e-09      0.00

     13  0      -228.56475490     1.86e-10      1.39
     13  1      -228.29984602     4.16e-09      0.00
     13  2      -228.24115956     2.44e-09      0.00

     14  0 *    -228.56475490     5.83e-11      1.33
     14  1      -228.29984602     1.79e-09      0.00
     14  2      -228.24115956     9.53e-10      0.00

     15  0 *    -228.56475490     5.83e-11      1.07
     15  1      -228.29984602     7.16e-10      0.00
     15  2      -228.24115956     3.75e-10      0.00

     16  0 *    -228.56475490     5.82e-11      1.39
     16  1      -228.29984602     2.63e-10      0.00
     16  2      -228.24115956     1.51e-10      0.00

     17  0 *    -228.56475490     5.82e-11      1.08
     17  1      -228.29984602     1.04e-10      0.00
     17  2 *    -228.24115956     5.93e-11      0.00

     18  0 *    -228.56475490     5.82e-11      0.59
     18  1 *    -228.29984602     3.63e-11      0.00
     18  2 *    -228.24115956     5.93e-11      0.00

     * ci vector, state   0, <S^2> = -0.0000
       222222......    -0.9445556650
       22222.2.....     0.1358375886
       2222baab....    -0.0926555958
       2222abba....    -0.0926555958
       2222.2.2....     0.0839082694
       22222..2....     0.0701845366
       2222b2a.....     0.0620900987
       2222a2b.....     0.0620900987
       2222.22.....     0.0572710281
       2222baba....    -0.0501493892
       2222abab....    -0.0501493892

     * ci vector, state   1, <S^2> = 0.0000
       2222b2a.....     0.4281440161
       2222a2b.....     0.4281440161
       22222a.b....     0.3937638028
       22222b.a....     0.3937638028
       22222.2.....    -0.3216327774
       22222..2....     0.1957177859
       2222.22.....     0.1884193428
       2222.2.2....    -0.1505815254
       2222abab....    -0.1496972872
       2222baba....    -0.1496972872
       2222baab....    -0.0854555630
       2222abba....    -0.0854555630
       222222......     0.0667193230
       2222bbaa....    -0.0642417242
       2222aabb....    -0.0642417242
       2222b.a2....     0.0570331005
       2222a.b2....     0.0570331005

     * ci vector, state   2, <S^2> = 0.0000
       22222ab.....    -0.6776759552
       22222ba.....    -0.6776759552
       22222.ab....     0.0895210236
       22222.ba....     0.0895210236
       2222a2.b....     0.0639299762
       2222b2.a....     0.0639299762
       2222ab2.....     0.0504968733
       2222ba2.....     0.0504968733

    * METHOD: CASSCF                             345.00


    * METHOD: SAVE_REF                             0.03

  ---------------------------
      CASSCF calculation     
  ---------------------------

    * nstate   :      3
    * nclosed  :     12
    * nact     :     12
    * nvirt    :     66
  === CASSCF iteration (svp) ===

    * Using the second-order algorithm

      0  0      -228.24247586     9.70e-03     18.96
      0  1      -228.17193186     0.00e+00     18.96
      0  2      -228.01673299     0.00e+00     18.96

         res : 8.38e-02   lamb: 1.00e+00   eps : -2.93e-02   step: 1.50e-01    0.01
         res : 1.49e-02   lamb: 1.00e+00   eps : -3.05e-02   step: 1.68e-01    0.01
         res : 4.56e-03   lamb: 1.00e+00   eps : -3.05e-02   step: 1.71e-01    0.01
         res : 1.33e-03   lamb: 1.00e+00   eps : -3.05e-02   step: 1.72e-01    0.01
         res : 4.60e-04   lamb: 1.00e+00   eps : -3.05e-02   step: 1.72e-01    0.01
         res : 1.46e-04   lamb: 1.00e+00   eps : -3.05e-02   step: 1.72e-01    0.01
         res : 4.92e-05   lamb: 1.00e+00   eps : -3.05e-02   step: 1.72e-01    0.01
         res : 1.36e-05   lamb: 1.00e+00   eps : -3.05e-02   step: 1.72e-01    0.01

      1  0      -228.25691868     2.50e-04     19.79
      1  1      -228.18923246     0.00e+00     19.79
      1  2      -228.03263918     0.00e+00     19.79

         res : 5.36e-03   lamb: 1.00e+00   eps : -2.17e-04   step: 4.37e-02    0.02
         res : 3.31e-03   lamb: 1.00e+00   eps : -2.35e-04   step: 5.25e-02    0.02
         res : 1.09e-03   lamb: 1.00e+00   eps : -2.38e-04   step: 5.56e-02    0.01
         res : 6.11e-04   lamb: 1.00e+00   eps : -2.39e-04   step: 5.63e-02    0.02
         res : 3.06e-04   lamb: 1.00e+00   eps : -2.39e-04   step: 5.66e-02    0.02
         res : 1.08e-04   lamb: 1.00e+00   eps : -2.39e-04   step: 5.66e-02    0.01
         res : 2.74e-05   lamb: 1.00e+00   eps : -2.39e-04   step: 5.66e-02    0.01
         res : 9.93e-06   lamb: 1.00e+00   eps : -2.39e-04   step: 5.66e-02    0.02
         res : 3.11e-06   lamb: 1.00e+00   eps : -2.39e-04   step: 5.66e-02    0.03

      2  0      -228.25719620     2.10e-05     19.78
      2  1      -228.18955233     0.00e+00     19.78
      2  2      -228.03241739     0.00e+00     19.78

         res : 3.12e-04   lamb: 1.00e+00   eps : -1.12e-06   step: 2.98e-03    0.01
         res : 2.59e-04   lamb: 1.00e+00   eps : -1.20e-06   step: 3.53e-03    0.01
         res : 9.83e-05   lamb: 1.00e+00   eps : -1.21e-06   step: 3.75e-03    0.01
         res : 3.93e-05   lamb: 1.00e+00   eps : -1.22e-06   step: 3.82e-03    0.01
         res : 1.75e-05   lamb: 1.00e+00   eps : -1.22e-06   step: 3.84e-03    0.01
         res : 7.54e-06   lamb: 1.00e+00   eps : -1.22e-06   step: 3.85e-03    0.01
         res : 2.00e-06   lamb: 1.00e+00   eps : -1.22e-06   step: 3.85e-03    0.02
         res : 6.71e-07   lamb: 1.00e+00   eps : -1.22e-06   step: 3.85e-03    0.02
         res : 2.05e-07   lamb: 1.00e+00   eps : -1.22e-06   step: 3.85e-03    0.02

      3  0      -228.25720571     4.03e-06     20.00
      3  1      -228.18954765     0.00e+00     20.00
      3  2      -228.03241462     0.00e+00     20.00

         res : 5.14e-05   lamb: 1.00e+00   eps : -2.20e-08   step: 3.74e-04    0.01
         res : 2.30e-05   lamb: 1.00e+00   eps : -2.36e-08   step: 4.62e-04    0.01
         res : 8.64e-06   lamb: 1.00e+00   eps : -2.39e-08   step: 4.89e-04    0.01
         res : 5.32e-06   lamb: 1.00e+00   eps : -2.39e-08   step: 4.95e-04    0.01
         res : 1.98e-06   lamb: 1.00e+00   eps : -2.40e-08   step: 4.97e-04    0.01
         res : 1.12e-06   lamb: 1.00e+00   eps : -2.40e-08   step: 4.98e-04    0.01
         res : 3.28e-07   lamb: 1.00e+00   eps : -2.40e-08   step: 4.98e-04    0.01
         res : 1.00e-07   lamb: 1.00e+00   eps : -2.40e-08   step: 4.98e-04    0.01
         res : 2.91e-08   lamb: 1.00e+00   eps : -2.40e-08   step: 4.98e-04    0.01

      4  0      -228.25720707     9.15e-07     19.79
      4  1      -228.18954593     0.00e+00     19.79
      4  2      -228.03241502     0.00e+00     19.79

         res : 1.08e-05   lamb: 1.00e+00   eps : -6.53e-10   step: 5.60e-05    0.01
         res : 4.54e-06   lamb: 1.00e+00   eps : -7.09e-10   step: 7.34e-05    0.01
         res : 2.78e-06   lamb: 1.00e+00   eps : -7.17e-10   step: 7.80e-05    0.01
         res : 8.67e-07   lamb: 1.00e+00   eps : -7.19e-10   step: 7.95e-05    0.01
         res : 2.46e-07   lamb: 1.00e+00   eps : -7.19e-10   step: 8.03e-05    0.01
         res : 1.85e-07   lamb: 1.00e+00   eps : -7.19e-10   step: 8.04e-05    0.01
         res : 6.19e-08   lamb: 1.00e+00   eps : -7.19e-10   step: 8.04e-05    0.02
         res : 1.93e-08   lamb: 1.00e+00   eps : -7.19e-10   step: 8.04e-05    0.02
         res : 5.49e-09   lamb: 1.00e+00   eps : -7.19e-10   step: 8.04e-05    0.02

      5  0      -228.25720735     2.12e-07     20.09
      5  1      -228.18954550     0.00e+00     20.09
      5  2      -228.03241516     0.00e+00     20.09

         res : 2.24e-06   lamb: 1.00e+00   eps : -2.45e-11   step: 9.35e-06    0.01
         res : 1.05e-06   lamb: 1.00e+00   eps : -2.67e-11   step: 1.28e-05    0.01
         res : 5.58e-07   lamb: 1.00e+00   eps : -2.70e-11   step: 1.37e-05    0.01
         res : 1.60e-07   lamb: 1.00e+00   eps : -2.71e-11   step: 1.41e-05    0.01
         res : 4.88e-08   lamb: 1.00e+00   eps : -2.71e-11   step: 1.43e-05    0.01
         res : 3.38e-08   lamb: 1.00e+00   eps : -2.71e-11   step: 1.43e-05    0.02
         res : 1.22e-08   lamb: 1.00e+00   eps : -2.71e-11   step: 1.43e-05    0.01
         res : 3.97e-09   lamb: 1.00e+00   eps : -2.71e-11   step: 1.43e-05    0.01

      6  0      -228.25720742     5.00e-08     19.98
      6  1      -228.18954539     0.00e+00     19.98
      6  2      -228.03241521     0.00e+00     19.98

         res : 4.70e-07   lamb: 1.00e+00   eps : -1.07e-12   step: 1.67e-06    0.01
         res : 2.28e-07   lamb: 1.00e+00   eps : -1.15e-12   step: 2.35e-06    0.01
         res : 1.04e-07   lamb: 1.00e+00   eps : -1.17e-12   step: 2.51e-06    0.01
         res : 3.21e-08   lamb: 1.00e+00   eps : -1.17e-12   step: 2.60e-06    0.01
         res : 1.11e-08   lamb: 1.00e+00   eps : -1.17e-12   step: 2.64e-06    0.01
         res : 6.61e-09   lamb: 1.00e+00   eps : -1.17e-12   step: 2.64e-06    0.01
         res : 2.45e-09   lamb: 1.00e+00   eps : -1.17e-12   step: 2.64e-06    0.01

      7  0      -228.25720743     1.20e-08     20.49
      7  1      -228.18954537     0.00e+00     20.49
      7  2      -228.03241522     0.00e+00     20.49

         res : 1.03e-07   lamb: 1.00e+00   eps : -5.16e-14   step: 3.14e-07    0.01
         res : 4.92e-08   lamb: 1.00e+00   eps : -5.53e-14   step: 4.42e-07    0.01
         res : 1.98e-08   lamb: 1.00e+00   eps : -5.58e-14   step: 4.72e-07    0.01
         res : 6.67e-09   lamb: 1.00e+00   eps : -5.59e-14   step: 4.88e-07    0.01
         res : 2.73e-09   lamb: 1.00e+00   eps : -5.59e-14   step: 4.97e-07    0.02

      8  0      -228.25720743     2.92e-09     20.12
      8  1      -228.18954536     0.00e+00     20.12
      8  2      -228.03241522     0.00e+00     20.12

    * Second-order optimization converged. *   

    * Integral transformation done. Elapsed time: 0.01

     guess   0:   closed 11111.......         open .....1......        
     guess   1:   closed 1111.1......         open ....1.......        
     guess   2:   closed 11111.......         open ......1.....        

  === FCI iteration ===

      0  0      -228.15290242     4.65e-04      1.08
      0  1      -228.08189814     4.65e-04      0.00
      0  2      -227.89372352     4.80e-04      0.00

      1  0      -228.24586648     1.79e-04      1.09
      1  1      -228.17893010     1.79e-04      0.00
      1  2      -227.99657218     2.81e-04      0.00

      2  0      -228.25609538     5.92e-05      1.06
      2  1      -228.18888249     4.79e-05      0.00
      2  2      -228.02882492     9.88e-05      0.00

      3  0      -228.25709421     1.75e-05      1.10
      3  1      -228.18948061     1.44e-05      0.00
      3  2      -228.03189875     3.08e-05      0.00

      4  0      -228.25719384     6.09e-06      1.05
      4  1      -228.18953542     6.10e-06      0.00
      4  2      -228.03231188     1.53e-05      0.00

      5  0      -228.25720481     3.07e-06      1.19
      5  1      -228.18954399     2.21e-06      0.00
      5  2      -228.03239418     8.30e-06      0.00

      6  0      -228.25720699     1.20e-06      1.06
      6  1      -228.18954521     7.55e-07      0.00
      6  2      -228.03241248     3.16e-06      0.00

      7  0      -228.25720738     4.16e-07      1.27
      7  1      -228.18954534     2.66e-07      0.00
      7  2      -228.03241474     1.25e-06      0.00

      8  0      -228.25720743     1.69e-07      1.07
      8  1      -228.18954536     9.37e-08      0.00
      8  2      -228.03241517     4.46e-07      0.00

      9  0      -228.25720743     6.22e-08      0.99
      9  1      -228.18954536     3.58e-08      0.00
      9  2      -228.03241521     1.82e-07      0.00

     10  0      -228.25720743     1.97e-08      1.08
     10  1      -228.18954536     1.15e-08      0.00
     10  2      -228.03241522     5.15e-08      0.00

     11  0      -228.25720743     8.17e-09      1.16
     11  1      -228.18954536     4.52e-09      0.00
     11  2      -228.03241522     2.02e-08      0.00

     12  0      -228.25720743     3.45e-09      1.01
     12  1      -228.18954536     1.62e-09      0.00
     12  2      -228.03241522     7.91e-09      0.00

     13  0      -228.25720743     1.17e-09      1.34
     13  1      -228.18954536     6.16e-10      0.00
     13  2      -228.03241522     2.95e-09      0.00

     14  0      -228.25720743     4.31e-10      1.13
     14  1      -228.18954536     2.02e-10      0.00
     14  2      -228.03241522     1.12e-09      0.00

     15  0      -228.25720743     1.72e-10      1.13
     15  1 *    -228.18954536     7.29e-11      0.00
     15  2      -228.03241522     4.50e-10      0.00

     16  0 *    -228.25720743     6.26e-11      0.87
     16  1 *    -228.18954536     6.86e-11      0.00
     16  2      -228.03241522     1.99e-10      0.00

     17  0 *    -228.25720743     6.26e-11      0.45
     17  1 *    -228.18954536     6.44e-11      0.00
     17  2 *    -228.03241522     7.76e-11      0.00

     * ci vector, state   0, <S^2> = 0.7500
       22222a......     0.9543137636
       22222..a....     0.1063371687
       2222.2.a....    -0.0906129451
       2222.a.2....     0.0837738017
       2222.a2.....     0.0797332310
       2222aba.....     0.0747499659
       2222baa.....     0.0688875116
       2222a.ba....     0.0671761373

     * ci vector, state   1, <S^2> = 0.7500
       2222a2......     0.9407378690
       22222.a.....     0.1251047069
       2222a.2.....    -0.1243545723
       2222ba.a....    -0.1155672959
       2222a..2....    -0.1037665017
       2222.2a.....    -0.0881632201
       2222ab.a....    -0.0617690670
       2222.aab....    -0.0587045601
       2222aa.b....     0.0537982289

     * ci vector, state   2, <S^2> = 0.7500
       22222.a.....     0.8893050248
       2222.2a.....    -0.2386229367
       2222ab.a....     0.2212512482
       2222aa.b....     0.1294877541
       2222a2......    -0.1090777962
       2222.aab....     0.1078655946
       2222ba.a....     0.0917634941
       2222..a2....     0.0710982388
       2222.baa....    -0.0687128109

    * METHOD: CASSCF                             199.76


    * METHOD: SAVE_REF                             0.03

  *** Dyson Orbitals ***

       - 3-index ints prep                         0.00
       - 3-index ints                              0.01
       - 2-index ints                              0.00
       - computing inverse                         0.04
 * Extracting CI coefficients from Reference object for the following states: 0 1 
 * Extracting CI coefficients from Reference object for the following states: 0 1 2 

  electrons in initial states : 6 (alpha)    6 (beta)
  electrons in final states   : 6 (alpha)    5 (beta)

